Using pre-set license
Built from '2020.3/staging' branch; Version is '2020.3.30f1 (1fb1bf06830e) revision 2077119'; Using compiler version '192528614'; Build Type 'Release'
OS: 'Windows 10  (10.0.19043) 64bit Core' Language: 'en' Physical Memory: 16191 MB
BatchMode: 1, IsHumanControllingUs: 0, StartBugReporterOnCrash: 0, Is64bit: 1, IsPro: 0

COMMAND LINE ARGUMENTS:
C:\Program Files\Unity\Hub\Editor\2020.3.30f1\Editor\Unity.exe
-adb2
-batchMode
-noUpm
-name
AssetImportWorker0
-projectPath
C:/Users/Bryan/Desktop/Github Projects/Unity/Project-Boost/Project Boost
-logFile
Logs/AssetImportWorker0.log
-srvPort
61935
Successfully changed project path to: C:/Users/Bryan/Desktop/Github Projects/Unity/Project-Boost/Project Boost
C:/Users/Bryan/Desktop/Github Projects/Unity/Project-Boost/Project Boost
Using Asset Import Pipeline V2.
Refreshing native plugins compatible for Editor in 53.79 ms, found 2 plugins.
Preloading 0 native plugins for Editor in 0.00 ms.
Initialize engine version: 2020.3.30f1 (1fb1bf06830e)
[Subsystems] Discovering subsystems at path C:/Program Files/Unity/Hub/Editor/2020.3.30f1/Editor/Data/Resources/UnitySubsystems
[Subsystems] Discovering subsystems at path C:/Users/Bryan/Desktop/Github Projects/Unity/Project-Boost/Project Boost/Assets
GfxDevice: creating device client; threaded=0
Direct3D:
    Version:  Direct3D 11.0 [level 11.1]
    Renderer: NVIDIA GeForce GTX 1660 Ti with Max-Q Design (ID=0x2191)
    Vendor:   
    VRAM:     5991 MB
    Driver:   30.0.15.1123
Initialize mono
Mono path[0] = 'C:/Program Files/Unity/Hub/Editor/2020.3.30f1/Editor/Data/Managed'
Mono path[1] = 'C:/Program Files/Unity/Hub/Editor/2020.3.30f1/Editor/Data/MonoBleedingEdge/lib/mono/unityjit'
Mono config path = 'C:/Program Files/Unity/Hub/Editor/2020.3.30f1/Editor/Data/MonoBleedingEdge/etc'
Using monoOptions --debugger-agent=transport=dt_socket,embedding=1,server=y,suspend=n,address=127.0.0.1:56300
Begin MonoManager ReloadAssembly
Registering precompiled unity dll's ...
Register platform support module: C:/Program Files/Unity/Hub/Editor/2020.3.30f1/Editor/Data/PlaybackEngines/WebGLSupport/UnityEditor.WebGL.Extensions.dll
Register platform support module: C:/Program Files/Unity/Hub/Editor/2020.3.30f1/Editor/Data/PlaybackEngines/WindowsStandaloneSupport/UnityEditor.WindowsStandalone.Extensions.dll
Registered in 0.003403 seconds.
Native extension for WindowsStandalone target not found
Native extension for WebGL target not found
Refreshing native plugins compatible for Editor in 50.97 ms, found 2 plugins.
Preloading 0 native plugins for Editor in 0.00 ms.
Mono: successfully reloaded assembly
- Completed reload, in  0.733 seconds
Domain Reload Profiling:
	ReloadAssembly (734ms)
		BeginReloadAssembly (81ms)
			ExecutionOrderSort (0ms)
			DisableScriptedObjects (0ms)
			BackupInstance (0ms)
			ReleaseScriptingObjects (0ms)
			CreateAndSetChildDomain (1ms)
		EndReloadAssembly (561ms)
			LoadAssemblies (77ms)
			RebuildTransferFunctionScriptingTraits (0ms)
			SetupTypeCache (179ms)
			ReleaseScriptCaches (0ms)
			RebuildScriptCaches (35ms)
			SetupLoadedEditorAssemblies (217ms)
				LogAssemblyErrors (0ms)
				InitializePlatformSupportModulesInManaged (6ms)
				SetLoadedEditorAssemblies (0ms)
				RefreshPlugins (51ms)
				BeforeProcessingInitializeOnLoad (19ms)
				ProcessInitializeOnLoadAttributes (104ms)
				ProcessInitializeOnLoadMethodAttributes (36ms)
				AfterProcessingInitializeOnLoad (0ms)
				EditorAssembliesLoaded (0ms)
			ExecutionOrderSort2 (0ms)
			AwakeInstancesAfterBackupRestoration (0ms)
Platform modules already initialized, skipping
Registering precompiled user dll's ...
Registered in 0.004171 seconds.
Begin MonoManager ReloadAssembly
Native extension for WindowsStandalone target not found
Native extension for WebGL target not found
Refreshing native plugins compatible for Editor in 0.53 ms, found 2 plugins.
Preloading 0 native plugins for Editor in 0.00 ms.
Mono: successfully reloaded assembly
- Completed reload, in  1.263 seconds
Domain Reload Profiling:
	ReloadAssembly (1264ms)
		BeginReloadAssembly (184ms)
			ExecutionOrderSort (0ms)
			DisableScriptedObjects (6ms)
			BackupInstance (0ms)
			ReleaseScriptingObjects (0ms)
			CreateAndSetChildDomain (23ms)
		EndReloadAssembly (1004ms)
			LoadAssemblies (111ms)
			RebuildTransferFunctionScriptingTraits (0ms)
			SetupTypeCache (332ms)
			ReleaseScriptCaches (1ms)
			RebuildScriptCaches (55ms)
			SetupLoadedEditorAssemblies (400ms)
				LogAssemblyErrors (0ms)
				InitializePlatformSupportModulesInManaged (7ms)
				SetLoadedEditorAssemblies (1ms)
				RefreshPlugins (1ms)
				BeforeProcessingInitializeOnLoad (116ms)
				ProcessInitializeOnLoadAttributes (254ms)
				ProcessInitializeOnLoadMethodAttributes (11ms)
				AfterProcessingInitializeOnLoad (10ms)
				EditorAssembliesLoaded (0ms)
			ExecutionOrderSort2 (0ms)
			AwakeInstancesAfterBackupRestoration (7ms)
Platform modules already initialized, skipping
========================================================================
Worker process is ready to serve import requests
Launched and connected shader compiler UnityShaderCompiler.exe after 0.05 seconds
Refreshing native plugins compatible for Editor in 0.72 ms, found 2 plugins.
Preloading 0 native plugins for Editor in 0.00 ms.
Unloading 1777 Unused Serialized files (Serialized files now loaded: 0)
System memory in use before: 104.8 MB.
System memory in use after: 104.9 MB.

Unloading 16 unused Assets to reduce memory usage. Loaded Objects now: 2242.
Total: 4.600200 ms (FindLiveObjects: 0.234600 ms CreateObjectMapping: 0.063800 ms MarkObjects: 4.264300 ms  DeleteObjects: 0.036200 ms)

AssetImportParameters requested are different than current active one (requested -> active):
  custom:framework-win-MediaFoundation: 216162199b28c13a410421893ffa2e32 -> 
  custom:video-decoder-ogg-theora: a1e56fd34408186e4bbccfd4996cb3dc -> 
  custom:container-muxer-webm: aa71ff27fc2769a1b78a27578f13a17b -> 
  custom:container-demuxer-webm: 4f35f7cbe854078d1ac9338744f61a02 -> 
  custom:container-demuxer-ogg: 62fdf1f143b41e24485cea50d1cbac27 -> 
  custom:video-encoder-webm-vp8: eb34c28f22e8b96e1ab97ce403110664 -> 
  custom:video-decoder-webm-vp8: 9c59270c3fd7afecdb556c50c9e8de78 -> 
  custom:audio-decoder-ogg-vorbis: bf7c407c2cedff20999df2af8eb42d56 -> 
  custom:audio-encoder-webm-vorbis: bf7c407c2cedff20999df2af8eb42d56 -> 
========================================================================
Received Import Request.
  path: Assets/TinyFire VFX/Prefabs/TinyFire/TinyFire5_Chaos.prefab
  artifactKey: Guid(95ac769aad76e4841a39786fa2a5bad6) Importer(815301076,1909f56bfc062723c751e8b465ee728b)
Start importing Assets/TinyFire VFX/Prefabs/TinyFire/TinyFire5_Chaos.prefab using Guid(95ac769aad76e4841a39786fa2a5bad6) Importer(815301076,1909f56bfc062723c751e8b465ee728b)  -> (artifact id: 'c10260c2c7d306b78e1ffa8d9843410f') in 0.160701 seconds 
========================================================================
Received Import Request.
  Time since last request: 0.000277 seconds.
  path: Assets/TinyFire VFX/Prefabs/TinyFire/TinyFire4_Strong.prefab
  artifactKey: Guid(319437fb67fb92841a70ce64636aae0e) Importer(815301076,1909f56bfc062723c751e8b465ee728b)
Start importing Assets/TinyFire VFX/Prefabs/TinyFire/TinyFire4_Strong.prefab using Guid(319437fb67fb92841a70ce64636aae0e) Importer(815301076,1909f56bfc062723c751e8b465ee728b)  -> (artifact id: '5150d2da59fab5055cde1995aea13079') in 0.041876 seconds 
========================================================================
Received Import Request.
  Time since last request: 0.000256 seconds.
  path: Assets/TinyFire VFX/Prefabs/TinyFire/TinyFire_Chaos.prefab
  artifactKey: Guid(9a8f452007ea2fc46a2991278311f5bf) Importer(815301076,1909f56bfc062723c751e8b465ee728b)
Start importing Assets/TinyFire VFX/Prefabs/TinyFire/TinyFire_Chaos.prefab using Guid(9a8f452007ea2fc46a2991278311f5bf) Importer(815301076,1909f56bfc062723c751e8b465ee728b)  -> (artifact id: 'cbdab18dc0aea5127d889336216f39b2') in 0.025424 seconds 
========================================================================
Received Import Request.
  Time since last request: 0.000339 seconds.
  path: Assets/TinyFire VFX/Prefabs/TinyFire/TinyFire5_Strong.prefab
  artifactKey: Guid(3172b52d19aa1fd4e891a549141af8a5) Importer(815301076,1909f56bfc062723c751e8b465ee728b)
Start importing Assets/TinyFire VFX/Prefabs/TinyFire/TinyFire5_Strong.prefab using Guid(3172b52d19aa1fd4e891a549141af8a5) Importer(815301076,1909f56bfc062723c751e8b465ee728b)  -> (artifact id: '9c92dd505f7c3253cdc6eeab09e6eb8e') in 0.021062 seconds 
========================================================================
Received Import Request.
  Time since last request: 0.000232 seconds.
  path: Assets/TinyFire VFX/Prefabs/TinyFire/TinyFire3_Strong.prefab
  artifactKey: Guid(dbb43018d5aa7a94c8b6e3de5401eabc) Importer(815301076,1909f56bfc062723c751e8b465ee728b)
Start importing Assets/TinyFire VFX/Prefabs/TinyFire/TinyFire3_Strong.prefab using Guid(dbb43018d5aa7a94c8b6e3de5401eabc) Importer(815301076,1909f56bfc062723c751e8b465ee728b)  -> (artifact id: '5260db7ca34e4ab735accb3bf08ec0ab') in 0.038189 seconds 
========================================================================
Received Import Request.
  Time since last request: 0.000217 seconds.
  path: Assets/TinyFire VFX/Prefabs/TinyFire/TinyFire4_Poison.prefab
  artifactKey: Guid(b3773ccca8d7d774c9bf326cb52a5d50) Importer(815301076,1909f56bfc062723c751e8b465ee728b)
Start importing Assets/TinyFire VFX/Prefabs/TinyFire/TinyFire4_Poison.prefab using Guid(b3773ccca8d7d774c9bf326cb52a5d50) Importer(815301076,1909f56bfc062723c751e8b465ee728b)  -> (artifact id: '108edd9fae4e847aff1e9af090f37d7a') in 0.020435 seconds 
========================================================================
Received Import Request.
  Time since last request: 0.000170 seconds.
  path: Assets/TinyFire VFX/Prefabs/TinyFire/TinyFire4_Darkness.prefab
  artifactKey: Guid(feded0465999c1548bda62e4c1777240) Importer(815301076,1909f56bfc062723c751e8b465ee728b)
Start importing Assets/TinyFire VFX/Prefabs/TinyFire/TinyFire4_Darkness.prefab using Guid(feded0465999c1548bda62e4c1777240) Importer(815301076,1909f56bfc062723c751e8b465ee728b)  -> (artifact id: '84d412bae2bc9af21379e95a5aa070f0') in 0.020631 seconds 
========================================================================
Received Import Request.
  Time since last request: 0.000234 seconds.
  path: Assets/TinyFire VFX/Prefabs/TinyFire/TinyFire3_Chaos.prefab
  artifactKey: Guid(c94ca14725391464789de4e88007608c) Importer(815301076,1909f56bfc062723c751e8b465ee728b)
Start importing Assets/TinyFire VFX/Prefabs/TinyFire/TinyFire3_Chaos.prefab using Guid(c94ca14725391464789de4e88007608c) Importer(815301076,1909f56bfc062723c751e8b465ee728b)  -> (artifact id: '2ea27355a5e2cdf9c28fe0f098362812') in 0.022008 seconds 
========================================================================
Received Import Request.
  Time since last request: 0.000188 seconds.
  path: Assets/TinyFire VFX/Prefabs/TinyFire/TinyFire5_Poison.prefab
  artifactKey: Guid(5e29a2120ef49e248bb0b0e7084dfef1) Importer(815301076,1909f56bfc062723c751e8b465ee728b)
Start importing Assets/TinyFire VFX/Prefabs/TinyFire/TinyFire5_Poison.prefab using Guid(5e29a2120ef49e248bb0b0e7084dfef1) Importer(815301076,1909f56bfc062723c751e8b465ee728b)  -> (artifact id: 'd5fb0a5e77e1f9de70b806d6f755ded6') in 0.022379 seconds 
========================================================================
Received Import Request.
  Time since last request: 0.000190 seconds.
  path: Assets/TinyFire VFX/Prefabs/TinyFire/TinyFire3.prefab
  artifactKey: Guid(9d14d7de57db61f41835c680bbfa27cb) Importer(815301076,1909f56bfc062723c751e8b465ee728b)
Start importing Assets/TinyFire VFX/Prefabs/TinyFire/TinyFire3.prefab using Guid(9d14d7de57db61f41835c680bbfa27cb) Importer(815301076,1909f56bfc062723c751e8b465ee728b)  -> (artifact id: '0d025e3b080a85f7eb1be379e8b1e9a5') in 0.023827 seconds 
========================================================================
Received Import Request.
  Time since last request: 0.000279 seconds.
  path: Assets/TinyFire VFX/Prefabs/TinyFire/TinyFire_Strong.prefab
  artifactKey: Guid(bbc4a54ad54f7134b93f363b469be9a2) Importer(815301076,1909f56bfc062723c751e8b465ee728b)
Start importing Assets/TinyFire VFX/Prefabs/TinyFire/TinyFire_Strong.prefab using Guid(bbc4a54ad54f7134b93f363b469be9a2) Importer(815301076,1909f56bfc062723c751e8b465ee728b)  -> (artifact id: 'ce4e87e54be46e96f2eca15b234be660') in 0.020704 seconds 
========================================================================
Received Import Request.
  Time since last request: 0.000182 seconds.
  path: Assets/TinyFire VFX/Prefabs/TinyFire/TinyFire_Darkness.prefab
  artifactKey: Guid(dbba01d57d0ff0740b532e4ebfc24990) Importer(815301076,1909f56bfc062723c751e8b465ee728b)
Start importing Assets/TinyFire VFX/Prefabs/TinyFire/TinyFire_Darkness.prefab using Guid(dbba01d57d0ff0740b532e4ebfc24990) Importer(815301076,1909f56bfc062723c751e8b465ee728b)  -> (artifact id: '73ef2bc2b4145d7dc8ef39490bdaa028') in 0.025676 seconds 
========================================================================
Received Import Request.
  Time since last request: 0.000201 seconds.
  path: Assets/TinyFire VFX/Prefabs/TinyFire/TinyFire5_Darkness.prefab
  artifactKey: Guid(6f4150168c615304fb5f9a45ae0d3af4) Importer(815301076,1909f56bfc062723c751e8b465ee728b)
Start importing Assets/TinyFire VFX/Prefabs/TinyFire/TinyFire5_Darkness.prefab using Guid(6f4150168c615304fb5f9a45ae0d3af4) Importer(815301076,1909f56bfc062723c751e8b465ee728b)  -> (artifact id: 'f6b3b22542bcb8c9b0ed071495d6ba95') in 0.023494 seconds 
========================================================================
Received Import Request.
  Time since last request: 0.000198 seconds.
  path: Assets/TinyFire VFX/Prefabs/TinyFire/TinyFire3_Poison.prefab
  artifactKey: Guid(fc69ccf3f7f124548ae8d6c7ef37bace) Importer(815301076,1909f56bfc062723c751e8b465ee728b)
Start importing Assets/TinyFire VFX/Prefabs/TinyFire/TinyFire3_Poison.prefab using Guid(fc69ccf3f7f124548ae8d6c7ef37bace) Importer(815301076,1909f56bfc062723c751e8b465ee728b)  -> (artifact id: '9fdb0da0f25d2be827fe549628b73a83') in 0.022696 seconds 
========================================================================
Received Import Request.
  Time since last request: 0.000254 seconds.
  path: Assets/TinyFire VFX/Prefabs/TinyFire/TinyFire5.prefab
  artifactKey: Guid(2c1ddc295978c9e459174099968f3ee5) Importer(815301076,1909f56bfc062723c751e8b465ee728b)
Start importing Assets/TinyFire VFX/Prefabs/TinyFire/TinyFire5.prefab using Guid(2c1ddc295978c9e459174099968f3ee5) Importer(815301076,1909f56bfc062723c751e8b465ee728b)  -> (artifact id: '6df89514fd8b250d79db629bb136465a') in 0.024466 seconds 
========================================================================
Received Import Request.
  Time since last request: 0.000235 seconds.
  path: Assets/TinyFire VFX/Prefabs/TinyFire/TinyFire.prefab
  artifactKey: Guid(28fbc97a4e7e92144af43a4bd05be737) Importer(815301076,1909f56bfc062723c751e8b465ee728b)
Start importing Assets/TinyFire VFX/Prefabs/TinyFire/TinyFire.prefab using Guid(28fbc97a4e7e92144af43a4bd05be737) Importer(815301076,1909f56bfc062723c751e8b465ee728b)  -> (artifact id: 'a1eb533cf149749ff372e9ed8326c281') in 0.028836 seconds 
========================================================================
Received Import Request.
  Time since last request: 0.000211 seconds.
  path: Assets/TinyFire VFX/Prefabs/TinyFire/TinyFire4.prefab
  artifactKey: Guid(54b675d5f2989b94e99fef50f523abc0) Importer(815301076,1909f56bfc062723c751e8b465ee728b)
Start importing Assets/TinyFire VFX/Prefabs/TinyFire/TinyFire4.prefab using Guid(54b675d5f2989b94e99fef50f523abc0) Importer(815301076,1909f56bfc062723c751e8b465ee728b)  -> (artifact id: '91e929e7e4c8dba6b453b5f1f0b97b3f') in 0.020778 seconds 
========================================================================
Received Import Request.
  Time since last request: 0.000228 seconds.
  path: Assets/TinyFire VFX/Prefabs/TinyFire/TinyFire3_Darkness.prefab
  artifactKey: Guid(9217078230ed7494c9380d30e2eec722) Importer(815301076,1909f56bfc062723c751e8b465ee728b)
Start importing Assets/TinyFire VFX/Prefabs/TinyFire/TinyFire3_Darkness.prefab using Guid(9217078230ed7494c9380d30e2eec722) Importer(815301076,1909f56bfc062723c751e8b465ee728b)  -> (artifact id: 'c4597a41804db763b5b4c5156954f7dd') in 0.021897 seconds 
========================================================================
Received Import Request.
  Time since last request: 0.000217 seconds.
  path: Assets/TinyFire VFX/Prefabs/TinyFire/TinyFire_Poison.prefab
  artifactKey: Guid(2dd612cce829d624c9897073b85ead2f) Importer(815301076,1909f56bfc062723c751e8b465ee728b)
Start importing Assets/TinyFire VFX/Prefabs/TinyFire/TinyFire_Poison.prefab using Guid(2dd612cce829d624c9897073b85ead2f) Importer(815301076,1909f56bfc062723c751e8b465ee728b)  -> (artifact id: 'ad55c8e03c9a992c8e53e93de442e2c3') in 0.020713 seconds 
========================================================================
Received Import Request.
  Time since last request: 0.000191 seconds.
  path: Assets/TinyFire VFX/Prefabs/TinyFire
  artifactKey: Guid(904e76c73de77744ab5b8d96cb10ea84) Importer(815301076,1909f56bfc062723c751e8b465ee728b)
Start importing Assets/TinyFire VFX/Prefabs/TinyFire using Guid(904e76c73de77744ab5b8d96cb10ea84) Importer(815301076,1909f56bfc062723c751e8b465ee728b)  -> (artifact id: 'c1f1163013334cf640063ec7d5484e81') in 0.003706 seconds 
========================================================================
Received Import Request.
  Time since last request: 10.749221 seconds.
  path: Assets/TinyFire VFX
  artifactKey: Guid(a5be108e69c9aee48af1bd6c638daa1c) Importer(815301076,1909f56bfc062723c751e8b465ee728b)
Start importing Assets/TinyFire VFX using Guid(a5be108e69c9aee48af1bd6c638daa1c) Importer(815301076,1909f56bfc062723c751e8b465ee728b)  -> (artifact id: 'd4df363d22b486f7718d27563407e1e0') in 0.009540 seconds 
========================================================================
Received Prepare
Refreshing native plugins compatible for Editor in 3.41 ms, found 2 plugins.
Preloading 0 native plugins for Editor in 0.00 ms.
Unloading 9 Unused Serialized files (Serialized files now loaded: 0)
System memory in use before: 70.5 MB.
System memory in use after: 70.7 MB.

Unloading 9 unused Assets to reduce memory usage. Loaded Objects now: 2249.
Total: 4.450400 ms (FindLiveObjects: 0.220000 ms CreateObjectMapping: 0.052200 ms MarkObjects: 4.153600 ms  DeleteObjects: 0.023300 ms)

AssetImportParameters requested are different than current active one (requested -> active):
  custom:framework-win-MediaFoundation: 216162199b28c13a410421893ffa2e32 -> 
  custom:video-decoder-ogg-theora: a1e56fd34408186e4bbccfd4996cb3dc -> 
  custom:container-muxer-webm: aa71ff27fc2769a1b78a27578f13a17b -> 
  custom:container-demuxer-webm: 4f35f7cbe854078d1ac9338744f61a02 -> 
  custom:container-demuxer-ogg: 62fdf1f143b41e24485cea50d1cbac27 -> 
  custom:video-encoder-webm-vp8: eb34c28f22e8b96e1ab97ce403110664 -> 
  custom:video-decoder-webm-vp8: 9c59270c3fd7afecdb556c50c9e8de78 -> 
  custom:audio-decoder-ogg-vorbis: bf7c407c2cedff20999df2af8eb42d56 -> 
  custom:audio-encoder-webm-vorbis: bf7c407c2cedff20999df2af8eb42d56 -> 
========================================================================
Received Prepare
Registering precompiled user dll's ...
Registered in 0.003903 seconds.
Begin MonoManager ReloadAssembly
Native extension for WindowsStandalone target not found
Native extension for WebGL target not found
Refreshing native plugins compatible for Editor in 0.53 ms, found 2 plugins.
Preloading 0 native plugins for Editor in 0.00 ms.
Mono: successfully reloaded assembly
- Completed reload, in  1.186 seconds
Domain Reload Profiling:
	ReloadAssembly (1186ms)
		BeginReloadAssembly (145ms)
			ExecutionOrderSort (0ms)
			DisableScriptedObjects (5ms)
			BackupInstance (0ms)
			ReleaseScriptingObjects (0ms)
			CreateAndSetChildDomain (46ms)
		EndReloadAssembly (961ms)
			LoadAssemblies (114ms)
			RebuildTransferFunctionScriptingTraits (0ms)
			SetupTypeCache (330ms)
			ReleaseScriptCaches (1ms)
			RebuildScriptCaches (47ms)
			SetupLoadedEditorAssemblies (367ms)
				LogAssemblyErrors (0ms)
				InitializePlatformSupportModulesInManaged (6ms)
				SetLoadedEditorAssemblies (1ms)
				RefreshPlugins (1ms)
				BeforeProcessingInitializeOnLoad (107ms)
				ProcessInitializeOnLoadAttributes (232ms)
				ProcessInitializeOnLoadMethodAttributes (9ms)
				AfterProcessingInitializeOnLoad (11ms)
				EditorAssembliesLoaded (0ms)
			ExecutionOrderSort2 (0ms)
			AwakeInstancesAfterBackupRestoration (8ms)
Platform modules already initialized, skipping
Refreshing native plugins compatible for Editor in 0.53 ms, found 2 plugins.
Preloading 0 native plugins for Editor in 0.00 ms.
Unloading 1740 Unused Serialized files (Serialized files now loaded: 0)
System memory in use before: 104.7 MB.
System memory in use after: 104.8 MB.

Unloading 12 unused Assets to reduce memory usage. Loaded Objects now: 2251.
Total: 3.709600 ms (FindLiveObjects: 0.183700 ms CreateObjectMapping: 0.041000 ms MarkObjects: 3.429900 ms  DeleteObjects: 0.053600 ms)

AssetImportParameters requested are different than current active one (requested -> active):
  custom:framework-win-MediaFoundation: 216162199b28c13a410421893ffa2e32 -> 
  custom:video-decoder-ogg-theora: a1e56fd34408186e4bbccfd4996cb3dc -> 
  custom:container-muxer-webm: aa71ff27fc2769a1b78a27578f13a17b -> 
  custom:container-demuxer-webm: 4f35f7cbe854078d1ac9338744f61a02 -> 
  custom:container-demuxer-ogg: 62fdf1f143b41e24485cea50d1cbac27 -> 
  custom:video-encoder-webm-vp8: eb34c28f22e8b96e1ab97ce403110664 -> 
  custom:video-decoder-webm-vp8: 9c59270c3fd7afecdb556c50c9e8de78 -> 
  custom:audio-decoder-ogg-vorbis: bf7c407c2cedff20999df2af8eb42d56 -> 
  custom:audio-encoder-webm-vorbis: bf7c407c2cedff20999df2af8eb42d56 -> 
========================================================================
Received Import Request.
  Time since last request: 10.180555 seconds.
  path: Assets/VFX/TinyFire VFX/Prefabs
  artifactKey: Guid(7bc06d91b91c70e4cbceb1db644f91dc) Importer(815301076,1909f56bfc062723c751e8b465ee728b)
Start importing Assets/VFX/TinyFire VFX/Prefabs using Guid(7bc06d91b91c70e4cbceb1db644f91dc) Importer(815301076,1909f56bfc062723c751e8b465ee728b)  -> (artifact id: '213b223ba81e296ffd9138a4ff5b0096') in 0.010331 seconds 
========================================================================
Received Import Request.
  Time since last request: 30.198547 seconds.
  path: Assets/VFX/TinyFire VFX/Demo.unity
  artifactKey: Guid(3bf3ff223bdfbbd4fb4202d8d64fc99d) Importer(815301076,1909f56bfc062723c751e8b465ee728b)
Start importing Assets/VFX/TinyFire VFX/Demo.unity using Guid(3bf3ff223bdfbbd4fb4202d8d64fc99d) Importer(815301076,1909f56bfc062723c751e8b465ee728b)  -> (artifact id: 'f3cc89c91bbfb925b3a6c6fe37586bea') in 0.029895 seconds 
========================================================================
Received Prepare
Registering precompiled user dll's ...
Registered in 0.005025 seconds.
Begin MonoManager ReloadAssembly
Native extension for WindowsStandalone target not found
Native extension for WebGL target not found
Refreshing native plugins compatible for Editor in 0.54 ms, found 2 plugins.
Preloading 0 native plugins for Editor in 0.00 ms.
Mono: successfully reloaded assembly
- Completed reload, in  1.160 seconds
Domain Reload Profiling:
	ReloadAssembly (1161ms)
		BeginReloadAssembly (135ms)
			ExecutionOrderSort (0ms)
			DisableScriptedObjects (5ms)
			BackupInstance (0ms)
			ReleaseScriptingObjects (0ms)
			CreateAndSetChildDomain (39ms)
		EndReloadAssembly (947ms)
			LoadAssemblies (115ms)
			RebuildTransferFunctionScriptingTraits (0ms)
			SetupTypeCache (321ms)
			ReleaseScriptCaches (1ms)
			RebuildScriptCaches (44ms)
			SetupLoadedEditorAssemblies (366ms)
				LogAssemblyErrors (0ms)
				InitializePlatformSupportModulesInManaged (8ms)
				SetLoadedEditorAssemblies (1ms)
				RefreshPlugins (1ms)
				BeforeProcessingInitializeOnLoad (107ms)
				ProcessInitializeOnLoadAttributes (229ms)
				ProcessInitializeOnLoadMethodAttributes (9ms)
				AfterProcessingInitializeOnLoad (10ms)
				EditorAssembliesLoaded (0ms)
			ExecutionOrderSort2 (0ms)
			AwakeInstancesAfterBackupRestoration (10ms)
Platform modules already initialized, skipping
Refreshing native plugins compatible for Editor in 0.58 ms, found 2 plugins.
Preloading 0 native plugins for Editor in 0.00 ms.
Unloading 1740 Unused Serialized files (Serialized files now loaded: 0)
System memory in use before: 104.8 MB.
System memory in use after: 104.9 MB.

Unloading 12 unused Assets to reduce memory usage. Loaded Objects now: 2253.
Total: 3.682600 ms (FindLiveObjects: 0.195900 ms CreateObjectMapping: 0.042400 ms MarkObjects: 3.413500 ms  DeleteObjects: 0.029100 ms)

AssetImportParameters requested are different than current active one (requested -> active):
  custom:framework-win-MediaFoundation: 216162199b28c13a410421893ffa2e32 -> 
  custom:video-decoder-ogg-theora: a1e56fd34408186e4bbccfd4996cb3dc -> 
  custom:container-muxer-webm: aa71ff27fc2769a1b78a27578f13a17b -> 
  custom:container-demuxer-webm: 4f35f7cbe854078d1ac9338744f61a02 -> 
  custom:container-demuxer-ogg: 62fdf1f143b41e24485cea50d1cbac27 -> 
  custom:video-encoder-webm-vp8: eb34c28f22e8b96e1ab97ce403110664 -> 
  custom:video-decoder-webm-vp8: 9c59270c3fd7afecdb556c50c9e8de78 -> 
  custom:audio-decoder-ogg-vorbis: bf7c407c2cedff20999df2af8eb42d56 -> 
  custom:audio-encoder-webm-vorbis: bf7c407c2cedff20999df2af8eb42d56 -> 
========================================================================
Received Import Request.
  Time since last request: 8.712519 seconds.
  path: Assets/VFX/TinyFire VFX/Textures
  artifactKey: Guid(9f34d77fc9bd78c4eb44c7093c2f754c) Importer(815301076,1909f56bfc062723c751e8b465ee728b)
Start importing Assets/VFX/TinyFire VFX/Textures using Guid(9f34d77fc9bd78c4eb44c7093c2f754c) Importer(815301076,1909f56bfc062723c751e8b465ee728b)  -> (artifact id: '975d693257ede1a887a3940d613a5287') in 0.010665 seconds 
========================================================================
Received Import Request.
  Time since last request: 1.620314 seconds.
  path: Assets/VFX/TinyFire VFX/Materials
  artifactKey: Guid(e293872e598e6574b81e5db3a5d8d1a4) Importer(815301076,1909f56bfc062723c751e8b465ee728b)
Start importing Assets/VFX/TinyFire VFX/Materials using Guid(e293872e598e6574b81e5db3a5d8d1a4) Importer(815301076,1909f56bfc062723c751e8b465ee728b)  -> (artifact id: 'f170de4d9c8a75695a43622100af16a6') in 0.009123 seconds 
========================================================================
Received Import Request.
  Time since last request: 5.000770 seconds.
  path: Assets/VFX/TinyFire VFX/Materials/slashAlphaMat 2.mat
  artifactKey: Guid(e00fdfc660468d44b9e169f01e4b917c) Importer(815301076,1909f56bfc062723c751e8b465ee728b)
Start importing Assets/VFX/TinyFire VFX/Materials/slashAlphaMat 2.mat using Guid(e00fdfc660468d44b9e169f01e4b917c) Importer(815301076,1909f56bfc062723c751e8b465ee728b)  -> (artifact id: '41f588039f821fb3e1166c8ddcc96586') in 0.091683 seconds 
========================================================================
Received Import Request.
  Time since last request: 0.000218 seconds.
  path: Assets/VFX/TinyFire VFX/Materials/starAlphaMat.mat
  artifactKey: Guid(d781c3ae1600fb6499e38fd9778a7363) Importer(815301076,1909f56bfc062723c751e8b465ee728b)
Start importing Assets/VFX/TinyFire VFX/Materials/starAlphaMat.mat using Guid(d781c3ae1600fb6499e38fd9778a7363) Importer(815301076,1909f56bfc062723c751e8b465ee728b)  -> (artifact id: 'd4cfad64bb0038bb37a45a213114d140') in 0.020050 seconds 
========================================================================
Received Import Request.
  Time since last request: 0.000176 seconds.
  path: Assets/VFX/TinyFire VFX/Materials/triangleAlphaMat.mat
  artifactKey: Guid(9590e58d66b8f054abd97666fdcdc4af) Importer(815301076,1909f56bfc062723c751e8b465ee728b)
Start importing Assets/VFX/TinyFire VFX/Materials/triangleAlphaMat.mat using Guid(9590e58d66b8f054abd97666fdcdc4af) Importer(815301076,1909f56bfc062723c751e8b465ee728b)  -> (artifact id: '7659cf57e42cc95290683e54c62db77e') in 0.023502 seconds 
========================================================================
Received Import Request.
  Time since last request: 0.000210 seconds.
  path: Assets/VFX/TinyFire VFX/Materials/sphereAlphaMat.mat
  artifactKey: Guid(5b8ee6c2bc63e904a9c093e5781ef20b) Importer(815301076,1909f56bfc062723c751e8b465ee728b)
Start importing Assets/VFX/TinyFire VFX/Materials/sphereAlphaMat.mat using Guid(5b8ee6c2bc63e904a9c093e5781ef20b) Importer(815301076,1909f56bfc062723c751e8b465ee728b)  -> (artifact id: '84db7969c331d5043be6e555342c3a44') in 0.025584 seconds 
========================================================================
Received Import Request.
  Time since last request: 2.886705 seconds.
  path: Assets/VFX/TinyFire VFX/Textures/Hexagon.png
  artifactKey: Guid(d4017144ccddf78409031dab3aefc633) Importer(815301076,1909f56bfc062723c751e8b465ee728b)
Start importing Assets/VFX/TinyFire VFX/Textures/Hexagon.png using Guid(d4017144ccddf78409031dab3aefc633) Importer(815301076,1909f56bfc062723c751e8b465ee728b)  -> (artifact id: '1fc7ac2c6b4464e719fe4785f3c3b646') in 0.120163 seconds 
========================================================================
Received Import Request.
  Time since last request: 0.000267 seconds.
  path: Assets/VFX/TinyFire VFX/Textures/Triangle.png
  artifactKey: Guid(aaea991fe18e861409db6e2e524923be) Importer(815301076,1909f56bfc062723c751e8b465ee728b)
Start importing Assets/VFX/TinyFire VFX/Textures/Triangle.png using Guid(aaea991fe18e861409db6e2e524923be) Importer(815301076,1909f56bfc062723c751e8b465ee728b)  -> (artifact id: '89bdd583a378544715e5c4cf5197ea65') in 0.018598 seconds 
========================================================================
Received Import Request.
  Time since last request: 0.000252 seconds.
  path: Assets/VFX/TinyFire VFX/Textures/Star.png
  artifactKey: Guid(d64df6aaf6093d449b671ca7d5ac4acb) Importer(815301076,1909f56bfc062723c751e8b465ee728b)
Start importing Assets/VFX/TinyFire VFX/Textures/Star.png using Guid(d64df6aaf6093d449b671ca7d5ac4acb) Importer(815301076,1909f56bfc062723c751e8b465ee728b)  -> (artifact id: 'b143940fd4ec0719aac3da5ce647ef20') in 0.017632 seconds 
========================================================================
Received Import Request.
  Time since last request: 0.000264 seconds.
  path: Assets/VFX/TinyFire VFX/Textures/Sphere.png
  artifactKey: Guid(c30b701920f77de428259cc41556ae17) Importer(815301076,1909f56bfc062723c751e8b465ee728b)
Start importing Assets/VFX/TinyFire VFX/Textures/Sphere.png using Guid(c30b701920f77de428259cc41556ae17) Importer(815301076,1909f56bfc062723c751e8b465ee728b)  -> (artifact id: '0ff6bda85f962954e37384326912232a') in 0.020887 seconds 
========================================================================
Received Import Request.
  Time since last request: 7.560820 seconds.
  path: Assets/Scenes/Over.unity
  artifactKey: Guid(e0e89de19fc290a479e251ddf089fffc) Importer(815301076,1909f56bfc062723c751e8b465ee728b)
Start importing Assets/Scenes/Over.unity using Guid(e0e89de19fc290a479e251ddf089fffc) Importer(815301076,1909f56bfc062723c751e8b465ee728b)  -> (artifact id: 'cc88434b85d16d61732cefcb7c49cfc5') in 0.010212 seconds 
========================================================================
Received Prepare
Registering precompiled user dll's ...
Registered in 0.005253 seconds.
Begin MonoManager ReloadAssembly
Native extension for WindowsStandalone target not found
Native extension for WebGL target not found
Refreshing native plugins compatible for Editor in 0.56 ms, found 2 plugins.
Preloading 0 native plugins for Editor in 0.00 ms.
Mono: successfully reloaded assembly
- Completed reload, in  1.215 seconds
Domain Reload Profiling:
	ReloadAssembly (1215ms)
		BeginReloadAssembly (146ms)
			ExecutionOrderSort (0ms)
			DisableScriptedObjects (5ms)
			BackupInstance (0ms)
			ReleaseScriptingObjects (0ms)
			CreateAndSetChildDomain (42ms)
		EndReloadAssembly (992ms)
			LoadAssemblies (120ms)
			RebuildTransferFunctionScriptingTraits (0ms)
			SetupTypeCache (352ms)
			ReleaseScriptCaches (1ms)
			RebuildScriptCaches (48ms)
			SetupLoadedEditorAssemblies (369ms)
				LogAssemblyErrors (0ms)
				InitializePlatformSupportModulesInManaged (7ms)
				SetLoadedEditorAssemblies (1ms)
				RefreshPlugins (1ms)
				BeforeProcessingInitializeOnLoad (109ms)
				ProcessInitializeOnLoadAttributes (231ms)
				ProcessInitializeOnLoadMethodAttributes (9ms)
				AfterProcessingInitializeOnLoad (12ms)
				EditorAssembliesLoaded (0ms)
			ExecutionOrderSort2 (0ms)
			AwakeInstancesAfterBackupRestoration (9ms)
Platform modules already initialized, skipping
Refreshing native plugins compatible for Editor in 0.62 ms, found 2 plugins.
Preloading 0 native plugins for Editor in 0.00 ms.
Unloading 1740 Unused Serialized files (Serialized files now loaded: 0)
System memory in use before: 105.0 MB.
System memory in use after: 105.1 MB.

Unloading 12 unused Assets to reduce memory usage. Loaded Objects now: 2291.
Total: 3.578800 ms (FindLiveObjects: 0.224500 ms CreateObjectMapping: 0.051400 ms MarkObjects: 3.269400 ms  DeleteObjects: 0.031400 ms)

AssetImportParameters requested are different than current active one (requested -> active):
  custom:framework-win-MediaFoundation: 216162199b28c13a410421893ffa2e32 -> 
  custom:video-decoder-ogg-theora: a1e56fd34408186e4bbccfd4996cb3dc -> 
  custom:container-muxer-webm: aa71ff27fc2769a1b78a27578f13a17b -> 
  custom:container-demuxer-webm: 4f35f7cbe854078d1ac9338744f61a02 -> 
  custom:container-demuxer-ogg: 62fdf1f143b41e24485cea50d1cbac27 -> 
  custom:video-encoder-webm-vp8: eb34c28f22e8b96e1ab97ce403110664 -> 
  custom:video-decoder-webm-vp8: 9c59270c3fd7afecdb556c50c9e8de78 -> 
  custom:audio-decoder-ogg-vorbis: bf7c407c2cedff20999df2af8eb42d56 -> 
  custom:audio-encoder-webm-vorbis: bf7c407c2cedff20999df2af8eb42d56 -> 
========================================================================
Received Import Request.
  Time since last request: 328.053522 seconds.
  path: Assets/Scripts/Oscillator.cs
  artifactKey: Guid(fbe41366efabf664c994114cdc255fc4) Importer(815301076,1909f56bfc062723c751e8b465ee728b)
Start importing Assets/Scripts/Oscillator.cs using Guid(fbe41366efabf664c994114cdc255fc4) Importer(815301076,1909f56bfc062723c751e8b465ee728b)  -> (artifact id: '9fa033ed394b8946b3600355d202abd2') in 0.028386 seconds 
========================================================================
Received Prepare
Registering precompiled user dll's ...
Registered in 0.004984 seconds.
Begin MonoManager ReloadAssembly
Native extension for WindowsStandalone target not found
Native extension for WebGL target not found
Refreshing native plugins compatible for Editor in 0.82 ms, found 2 plugins.
Preloading 0 native plugins for Editor in 0.00 ms.
Mono: successfully reloaded assembly
- Completed reload, in  1.275 seconds
Domain Reload Profiling:
	ReloadAssembly (1276ms)
		BeginReloadAssembly (136ms)
			ExecutionOrderSort (0ms)
			DisableScriptedObjects (5ms)
			BackupInstance (0ms)
			ReleaseScriptingObjects (0ms)
			CreateAndSetChildDomain (36ms)
		EndReloadAssembly (1066ms)
			LoadAssemblies (115ms)
			RebuildTransferFunctionScriptingTraits (0ms)
			SetupTypeCache (360ms)
			ReleaseScriptCaches (1ms)
			RebuildScriptCaches (48ms)
			SetupLoadedEditorAssemblies (421ms)
				LogAssemblyErrors (0ms)
				InitializePlatformSupportModulesInManaged (8ms)
				SetLoadedEditorAssemblies (1ms)
				RefreshPlugins (1ms)
				BeforeProcessingInitializeOnLoad (118ms)
				ProcessInitializeOnLoadAttributes (267ms)
				ProcessInitializeOnLoadMethodAttributes (13ms)
				AfterProcessingInitializeOnLoad (12ms)
				EditorAssembliesLoaded (0ms)
			ExecutionOrderSort2 (0ms)
			AwakeInstancesAfterBackupRestoration (10ms)
Platform modules already initialized, skipping
Refreshing native plugins compatible for Editor in 0.68 ms, found 2 plugins.
Preloading 0 native plugins for Editor in 0.00 ms.
Unloading 1741 Unused Serialized files (Serialized files now loaded: 0)
System memory in use before: 105.1 MB.
System memory in use after: 105.2 MB.

Unloading 12 unused Assets to reduce memory usage. Loaded Objects now: 2294.
Total: 3.595500 ms (FindLiveObjects: 0.233800 ms CreateObjectMapping: 0.048000 ms MarkObjects: 3.283000 ms  DeleteObjects: 0.029300 ms)

AssetImportParameters requested are different than current active one (requested -> active):
  custom:framework-win-MediaFoundation: 216162199b28c13a410421893ffa2e32 -> 
  custom:video-decoder-ogg-theora: a1e56fd34408186e4bbccfd4996cb3dc -> 
  custom:container-muxer-webm: aa71ff27fc2769a1b78a27578f13a17b -> 
  custom:container-demuxer-webm: 4f35f7cbe854078d1ac9338744f61a02 -> 
  custom:container-demuxer-ogg: 62fdf1f143b41e24485cea50d1cbac27 -> 
  custom:video-encoder-webm-vp8: eb34c28f22e8b96e1ab97ce403110664 -> 
  custom:video-decoder-webm-vp8: 9c59270c3fd7afecdb556c50c9e8de78 -> 
  custom:audio-decoder-ogg-vorbis: bf7c407c2cedff20999df2af8eb42d56 -> 
  custom:audio-encoder-webm-vorbis: bf7c407c2cedff20999df2af8eb42d56 -> 
========================================================================
Received Prepare
Registering precompiled user dll's ...
Registered in 0.005119 seconds.
Begin MonoManager ReloadAssembly
Native extension for WindowsStandalone target not found
Native extension for WebGL target not found
Refreshing native plugins compatible for Editor in 0.71 ms, found 2 plugins.
Preloading 0 native plugins for Editor in 0.00 ms.
Mono: successfully reloaded assembly
- Completed reload, in  1.429 seconds
Domain Reload Profiling:
	ReloadAssembly (1429ms)
		BeginReloadAssembly (165ms)
			ExecutionOrderSort (0ms)
			DisableScriptedObjects (6ms)
			BackupInstance (0ms)
			ReleaseScriptingObjects (0ms)
			CreateAndSetChildDomain (45ms)
		EndReloadAssembly (1162ms)
			LoadAssemblies (163ms)
			RebuildTransferFunctionScriptingTraits (0ms)
			SetupTypeCache (395ms)
			ReleaseScriptCaches (1ms)
			RebuildScriptCaches (56ms)
			SetupLoadedEditorAssemblies (438ms)
				LogAssemblyErrors (0ms)
				InitializePlatformSupportModulesInManaged (9ms)
				SetLoadedEditorAssemblies (1ms)
				RefreshPlugins (1ms)
				BeforeProcessingInitializeOnLoad (127ms)
				ProcessInitializeOnLoadAttributes (277ms)
				ProcessInitializeOnLoadMethodAttributes (11ms)
				AfterProcessingInitializeOnLoad (12ms)
				EditorAssembliesLoaded (0ms)
			ExecutionOrderSort2 (0ms)
			AwakeInstancesAfterBackupRestoration (9ms)
Platform modules already initialized, skipping
Refreshing native plugins compatible for Editor in 0.70 ms, found 2 plugins.
Preloading 0 native plugins for Editor in 0.00 ms.
Unloading 1741 Unused Serialized files (Serialized files now loaded: 0)
System memory in use before: 105.1 MB.
System memory in use after: 105.2 MB.

Unloading 12 unused Assets to reduce memory usage. Loaded Objects now: 2296.
Total: 4.457800 ms (FindLiveObjects: 0.295000 ms CreateObjectMapping: 0.115800 ms MarkObjects: 4.014800 ms  DeleteObjects: 0.031000 ms)

AssetImportParameters requested are different than current active one (requested -> active):
  custom:framework-win-MediaFoundation: 216162199b28c13a410421893ffa2e32 -> 
  custom:video-decoder-ogg-theora: a1e56fd34408186e4bbccfd4996cb3dc -> 
  custom:container-muxer-webm: aa71ff27fc2769a1b78a27578f13a17b -> 
  custom:container-demuxer-webm: 4f35f7cbe854078d1ac9338744f61a02 -> 
  custom:container-demuxer-ogg: 62fdf1f143b41e24485cea50d1cbac27 -> 
  custom:video-encoder-webm-vp8: eb34c28f22e8b96e1ab97ce403110664 -> 
  custom:video-decoder-webm-vp8: 9c59270c3fd7afecdb556c50c9e8de78 -> 
  custom:audio-decoder-ogg-vorbis: bf7c407c2cedff20999df2af8eb42d56 -> 
  custom:audio-encoder-webm-vorbis: bf7c407c2cedff20999df2af8eb42d56 -> 
========================================================================
Received Prepare
Registering precompiled user dll's ...
Registered in 0.003949 seconds.
Begin MonoManager ReloadAssembly
Native extension for WindowsStandalone target not found
Native extension for WebGL target not found
Refreshing native plugins compatible for Editor in 0.63 ms, found 2 plugins.
Preloading 0 native plugins for Editor in 0.00 ms.
Mono: successfully reloaded assembly
- Completed reload, in  1.185 seconds
Domain Reload Profiling:
	ReloadAssembly (1186ms)
		BeginReloadAssembly (148ms)
			ExecutionOrderSort (0ms)
			DisableScriptedObjects (6ms)
			BackupInstance (0ms)
			ReleaseScriptingObjects (0ms)
			CreateAndSetChildDomain (39ms)
		EndReloadAssembly (958ms)
			LoadAssemblies (126ms)
			RebuildTransferFunctionScriptingTraits (0ms)
			SetupTypeCache (315ms)
			ReleaseScriptCaches (1ms)
			RebuildScriptCaches (47ms)
			SetupLoadedEditorAssemblies (373ms)
				LogAssemblyErrors (0ms)
				InitializePlatformSupportModulesInManaged (8ms)
				SetLoadedEditorAssemblies (1ms)
				RefreshPlugins (1ms)
				BeforeProcessingInitializeOnLoad (109ms)
				ProcessInitializeOnLoadAttributes (234ms)
				ProcessInitializeOnLoadMethodAttributes (11ms)
				AfterProcessingInitializeOnLoad (10ms)
				EditorAssembliesLoaded (1ms)
			ExecutionOrderSort2 (0ms)
			AwakeInstancesAfterBackupRestoration (9ms)
Platform modules already initialized, skipping
Refreshing native plugins compatible for Editor in 0.75 ms, found 2 plugins.
Preloading 0 native plugins for Editor in 0.00 ms.
Unloading 1741 Unused Serialized files (Serialized files now loaded: 0)
System memory in use before: 105.1 MB.
System memory in use after: 105.2 MB.

Unloading 12 unused Assets to reduce memory usage. Loaded Objects now: 2298.
Total: 5.097900 ms (FindLiveObjects: 0.287800 ms CreateObjectMapping: 0.076500 ms MarkObjects: 4.693500 ms  DeleteObjects: 0.038500 ms)

AssetImportParameters requested are different than current active one (requested -> active):
  custom:framework-win-MediaFoundation: 216162199b28c13a410421893ffa2e32 -> 
  custom:video-decoder-ogg-theora: a1e56fd34408186e4bbccfd4996cb3dc -> 
  custom:container-muxer-webm: aa71ff27fc2769a1b78a27578f13a17b -> 
  custom:container-demuxer-webm: 4f35f7cbe854078d1ac9338744f61a02 -> 
  custom:container-demuxer-ogg: 62fdf1f143b41e24485cea50d1cbac27 -> 
  custom:video-encoder-webm-vp8: eb34c28f22e8b96e1ab97ce403110664 -> 
  custom:video-decoder-webm-vp8: 9c59270c3fd7afecdb556c50c9e8de78 -> 
  custom:audio-decoder-ogg-vorbis: bf7c407c2cedff20999df2af8eb42d56 -> 
  custom:audio-encoder-webm-vorbis: bf7c407c2cedff20999df2af8eb42d56 -> 
========================================================================
Received Prepare
Registering precompiled user dll's ...
Registered in 0.004410 seconds.
Begin MonoManager ReloadAssembly
Native extension for WindowsStandalone target not found
Native extension for WebGL target not found
Refreshing native plugins compatible for Editor in 0.53 ms, found 2 plugins.
Preloading 0 native plugins for Editor in 0.00 ms.
Mono: successfully reloaded assembly
- Completed reload, in  1.220 seconds
Domain Reload Profiling:
	ReloadAssembly (1221ms)
		BeginReloadAssembly (142ms)
			ExecutionOrderSort (0ms)
			DisableScriptedObjects (5ms)
			BackupInstance (0ms)
			ReleaseScriptingObjects (0ms)
			CreateAndSetChildDomain (36ms)
		EndReloadAssembly (991ms)
			LoadAssemblies (124ms)
			RebuildTransferFunctionScriptingTraits (0ms)
			SetupTypeCache (316ms)
			ReleaseScriptCaches (1ms)
			RebuildScriptCaches (45ms)
			SetupLoadedEditorAssemblies (407ms)
				LogAssemblyErrors (0ms)
				InitializePlatformSupportModulesInManaged (8ms)
				SetLoadedEditorAssemblies (1ms)
				RefreshPlugins (1ms)
				BeforeProcessingInitializeOnLoad (112ms)
				ProcessInitializeOnLoadAttributes (265ms)
				ProcessInitializeOnLoadMethodAttributes (11ms)
				AfterProcessingInitializeOnLoad (11ms)
				EditorAssembliesLoaded (0ms)
			ExecutionOrderSort2 (0ms)
			AwakeInstancesAfterBackupRestoration (9ms)
Platform modules already initialized, skipping
Refreshing native plugins compatible for Editor in 0.79 ms, found 2 plugins.
Preloading 0 native plugins for Editor in 0.00 ms.
Unloading 1741 Unused Serialized files (Serialized files now loaded: 0)
System memory in use before: 105.1 MB.
System memory in use after: 105.2 MB.

Unloading 12 unused Assets to reduce memory usage. Loaded Objects now: 2300.
Total: 4.220200 ms (FindLiveObjects: 0.240200 ms CreateObjectMapping: 0.055000 ms MarkObjects: 3.894900 ms  DeleteObjects: 0.028800 ms)

AssetImportParameters requested are different than current active one (requested -> active):
  custom:framework-win-MediaFoundation: 216162199b28c13a410421893ffa2e32 -> 
  custom:video-decoder-ogg-theora: a1e56fd34408186e4bbccfd4996cb3dc -> 
  custom:container-muxer-webm: aa71ff27fc2769a1b78a27578f13a17b -> 
  custom:container-demuxer-webm: 4f35f7cbe854078d1ac9338744f61a02 -> 
  custom:container-demuxer-ogg: 62fdf1f143b41e24485cea50d1cbac27 -> 
  custom:video-encoder-webm-vp8: eb34c28f22e8b96e1ab97ce403110664 -> 
  custom:video-decoder-webm-vp8: 9c59270c3fd7afecdb556c50c9e8de78 -> 
  custom:audio-decoder-ogg-vorbis: bf7c407c2cedff20999df2af8eb42d56 -> 
  custom:audio-encoder-webm-vorbis: bf7c407c2cedff20999df2af8eb42d56 -> 
========================================================================
Received Prepare
Registering precompiled user dll's ...
Registered in 0.005527 seconds.
Begin MonoManager ReloadAssembly
Native extension for WindowsStandalone target not found
Native extension for WebGL target not found
Refreshing native plugins compatible for Editor in 0.63 ms, found 2 plugins.
Preloading 0 native plugins for Editor in 0.00 ms.
Mono: successfully reloaded assembly
- Completed reload, in  1.186 seconds
Domain Reload Profiling:
	ReloadAssembly (1187ms)
		BeginReloadAssembly (131ms)
			ExecutionOrderSort (0ms)
			DisableScriptedObjects (5ms)
			BackupInstance (0ms)
			ReleaseScriptingObjects (0ms)
			CreateAndSetChildDomain (34ms)
		EndReloadAssembly (979ms)
			LoadAssemblies (110ms)
			RebuildTransferFunctionScriptingTraits (0ms)
			SetupTypeCache (324ms)
			ReleaseScriptCaches (1ms)
			RebuildScriptCaches (50ms)
			SetupLoadedEditorAssemblies (394ms)
				LogAssemblyErrors (0ms)
				InitializePlatformSupportModulesInManaged (8ms)
				SetLoadedEditorAssemblies (1ms)
				RefreshPlugins (1ms)
				BeforeProcessingInitializeOnLoad (103ms)
				ProcessInitializeOnLoadAttributes (256ms)
				ProcessInitializeOnLoadMethodAttributes (13ms)
				AfterProcessingInitializeOnLoad (12ms)
				EditorAssembliesLoaded (0ms)
			ExecutionOrderSort2 (0ms)
			AwakeInstancesAfterBackupRestoration (7ms)
Platform modules already initialized, skipping
Refreshing native plugins compatible for Editor in 0.71 ms, found 2 plugins.
Preloading 0 native plugins for Editor in 0.00 ms.
Unloading 1741 Unused Serialized files (Serialized files now loaded: 0)
System memory in use before: 105.1 MB.
System memory in use after: 105.2 MB.

Unloading 12 unused Assets to reduce memory usage. Loaded Objects now: 2302.
Total: 3.992000 ms (FindLiveObjects: 0.221200 ms CreateObjectMapping: 0.052600 ms MarkObjects: 3.687900 ms  DeleteObjects: 0.028900 ms)

AssetImportParameters requested are different than current active one (requested -> active):
  custom:framework-win-MediaFoundation: 216162199b28c13a410421893ffa2e32 -> 
  custom:video-decoder-ogg-theora: a1e56fd34408186e4bbccfd4996cb3dc -> 
  custom:container-muxer-webm: aa71ff27fc2769a1b78a27578f13a17b -> 
  custom:container-demuxer-webm: 4f35f7cbe854078d1ac9338744f61a02 -> 
  custom:container-demuxer-ogg: 62fdf1f143b41e24485cea50d1cbac27 -> 
  custom:video-encoder-webm-vp8: eb34c28f22e8b96e1ab97ce403110664 -> 
  custom:video-decoder-webm-vp8: 9c59270c3fd7afecdb556c50c9e8de78 -> 
  custom:audio-decoder-ogg-vorbis: bf7c407c2cedff20999df2af8eb42d56 -> 
  custom:audio-encoder-webm-vorbis: bf7c407c2cedff20999df2af8eb42d56 -> 
========================================================================
Received Import Request.
  Time since last request: 9805.713756 seconds.
  path: Assets/Scripts/QuitApplication.cs
  artifactKey: Guid(19b751edfdb09814e9addbd23ac8c5e2) Importer(815301076,1909f56bfc062723c751e8b465ee728b)
Start importing Assets/Scripts/QuitApplication.cs using Guid(19b751edfdb09814e9addbd23ac8c5e2) Importer(815301076,1909f56bfc062723c751e8b465ee728b)  -> (artifact id: '5e5f34d9db399d7993eb5b38df11cf1a') in 0.016738 seconds 
========================================================================
Received Prepare
Registering precompiled user dll's ...
Registered in 0.005024 seconds.
Begin MonoManager ReloadAssembly
Native extension for WindowsStandalone target not found
Native extension for WebGL target not found
Refreshing native plugins compatible for Editor in 1.84 ms, found 2 plugins.
Preloading 0 native plugins for Editor in 0.00 ms.
Mono: successfully reloaded assembly
- Completed reload, in  1.264 seconds
Domain Reload Profiling:
	ReloadAssembly (1265ms)
		BeginReloadAssembly (174ms)
			ExecutionOrderSort (0ms)
			DisableScriptedObjects (6ms)
			BackupInstance (0ms)
			ReleaseScriptingObjects (0ms)
			CreateAndSetChildDomain (40ms)
		EndReloadAssembly (1003ms)
			LoadAssemblies (157ms)
			RebuildTransferFunctionScriptingTraits (0ms)
			SetupTypeCache (345ms)
			ReleaseScriptCaches (1ms)
			RebuildScriptCaches (48ms)
			SetupLoadedEditorAssemblies (381ms)
				LogAssemblyErrors (0ms)
				InitializePlatformSupportModulesInManaged (8ms)
				SetLoadedEditorAssemblies (1ms)
				RefreshPlugins (2ms)
				BeforeProcessingInitializeOnLoad (113ms)
				ProcessInitializeOnLoadAttributes (234ms)
				ProcessInitializeOnLoadMethodAttributes (12ms)
				AfterProcessingInitializeOnLoad (10ms)
				EditorAssembliesLoaded (0ms)
			ExecutionOrderSort2 (0ms)
			AwakeInstancesAfterBackupRestoration (8ms)
Platform modules already initialized, skipping
Refreshing native plugins compatible for Editor in 0.53 ms, found 2 plugins.
Preloading 0 native plugins for Editor in 0.00 ms.
Unloading 1742 Unused Serialized files (Serialized files now loaded: 0)
System memory in use before: 105.1 MB.
System memory in use after: 105.2 MB.

Unloading 12 unused Assets to reduce memory usage. Loaded Objects now: 2305.
Total: 3.610300 ms (FindLiveObjects: 0.215200 ms CreateObjectMapping: 0.063100 ms MarkObjects: 3.300400 ms  DeleteObjects: 0.030000 ms)

AssetImportParameters requested are different than current active one (requested -> active):
  custom:framework-win-MediaFoundation: 216162199b28c13a410421893ffa2e32 -> 
  custom:video-decoder-ogg-theora: a1e56fd34408186e4bbccfd4996cb3dc -> 
  custom:container-muxer-webm: aa71ff27fc2769a1b78a27578f13a17b -> 
  custom:container-demuxer-webm: 4f35f7cbe854078d1ac9338744f61a02 -> 
  custom:container-demuxer-ogg: 62fdf1f143b41e24485cea50d1cbac27 -> 
  custom:video-encoder-webm-vp8: eb34c28f22e8b96e1ab97ce403110664 -> 
  custom:video-decoder-webm-vp8: 9c59270c3fd7afecdb556c50c9e8de78 -> 
  custom:audio-decoder-ogg-vorbis: bf7c407c2cedff20999df2af8eb42d56 -> 
  custom:audio-encoder-webm-vorbis: bf7c407c2cedff20999df2af8eb42d56 -> 
========================================================================
Received Prepare
Registering precompiled user dll's ...
Registered in 0.005803 seconds.
Begin MonoManager ReloadAssembly
Native extension for WindowsStandalone target not found
Native extension for WebGL target not found
Refreshing native plugins compatible for Editor in 0.54 ms, found 2 plugins.
Preloading 0 native plugins for Editor in 0.00 ms.
Mono: successfully reloaded assembly
- Completed reload, in  1.195 seconds
Domain Reload Profiling:
	ReloadAssembly (1195ms)
		BeginReloadAssembly (139ms)
			ExecutionOrderSort (0ms)
			DisableScriptedObjects (8ms)
			BackupInstance (0ms)
			ReleaseScriptingObjects (0ms)
			CreateAndSetChildDomain (38ms)
		EndReloadAssembly (974ms)
			LoadAssemblies (118ms)
			RebuildTransferFunctionScriptingTraits (0ms)
			SetupTypeCache (332ms)
			ReleaseScriptCaches (1ms)
			RebuildScriptCaches (45ms)
			SetupLoadedEditorAssemblies (381ms)
				LogAssemblyErrors (0ms)
				InitializePlatformSupportModulesInManaged (8ms)
				SetLoadedEditorAssemblies (1ms)
				RefreshPlugins (1ms)
				BeforeProcessingInitializeOnLoad (114ms)
				ProcessInitializeOnLoadAttributes (238ms)
				ProcessInitializeOnLoadMethodAttributes (9ms)
				AfterProcessingInitializeOnLoad (10ms)
				EditorAssembliesLoaded (0ms)
			ExecutionOrderSort2 (0ms)
			AwakeInstancesAfterBackupRestoration (7ms)
Platform modules already initialized, skipping
Refreshing native plugins compatible for Editor in 0.53 ms, found 2 plugins.
Preloading 0 native plugins for Editor in 0.00 ms.
Unloading 1742 Unused Serialized files (Serialized files now loaded: 0)
System memory in use before: 105.1 MB.
System memory in use after: 105.2 MB.

Unloading 12 unused Assets to reduce memory usage. Loaded Objects now: 2307.
Total: 4.469400 ms (FindLiveObjects: 0.260300 ms CreateObjectMapping: 0.123700 ms MarkObjects: 4.054100 ms  DeleteObjects: 0.029800 ms)

AssetImportParameters requested are different than current active one (requested -> active):
  custom:framework-win-MediaFoundation: 216162199b28c13a410421893ffa2e32 -> 
  custom:video-decoder-ogg-theora: a1e56fd34408186e4bbccfd4996cb3dc -> 
  custom:container-muxer-webm: aa71ff27fc2769a1b78a27578f13a17b -> 
  custom:container-demuxer-webm: 4f35f7cbe854078d1ac9338744f61a02 -> 
  custom:container-demuxer-ogg: 62fdf1f143b41e24485cea50d1cbac27 -> 
  custom:video-encoder-webm-vp8: eb34c28f22e8b96e1ab97ce403110664 -> 
  custom:video-decoder-webm-vp8: 9c59270c3fd7afecdb556c50c9e8de78 -> 
  custom:audio-decoder-ogg-vorbis: bf7c407c2cedff20999df2af8eb42d56 -> 
  custom:audio-encoder-webm-vorbis: bf7c407c2cedff20999df2af8eb42d56 -> 
========================================================================
Received Import Request.
  Time since last request: 196.947871 seconds.
  path: Assets/Scripts/QuitApplication.cs
  artifactKey: Guid(19b751edfdb09814e9addbd23ac8c5e2) Importer(815301076,1909f56bfc062723c751e8b465ee728b)
Start importing Assets/Scripts/QuitApplication.cs using Guid(19b751edfdb09814e9addbd23ac8c5e2) Importer(815301076,1909f56bfc062723c751e8b465ee728b)  -> (artifact id: 'cf048b1c83943892fc8fe9adf1f1a467') in 0.007496 seconds 
AssetImportWorkerClient::OnTransportError - code=2 error=End of file
