Using pre-set license
Built from '2020.3/staging' branch; Version is '2020.3.30f1 (1fb1bf06830e) revision 2077119'; Using compiler version '192528614'; Build Type 'Release'
OS: 'Windows 10  (10.0.19043) 64bit Core' Language: 'en' Physical Memory: 16191 MB
BatchMode: 1, IsHumanControllingUs: 0, StartBugReporterOnCrash: 0, Is64bit: 1, IsPro: 0

COMMAND LINE ARGUMENTS:
C:\Program Files\Unity\Hub\Editor\2020.3.30f1\Editor\Unity.exe
-adb2
-batchMode
-noUpm
-name
AssetImportWorker0
-projectPath
C:/Users/Bryan/Desktop/Github Projects/Unity/Project-Boost/Project Boost
-logFile
Logs/AssetImportWorker0.log
-srvPort
64418
Successfully changed project path to: C:/Users/Bryan/Desktop/Github Projects/Unity/Project-Boost/Project Boost
C:/Users/Bryan/Desktop/Github Projects/Unity/Project-Boost/Project Boost
Using Asset Import Pipeline V2.
Refreshing native plugins compatible for Editor in 56.20 ms, found 2 plugins.
Preloading 0 native plugins for Editor in 0.00 ms.
Initialize engine version: 2020.3.30f1 (1fb1bf06830e)
[Subsystems] Discovering subsystems at path C:/Program Files/Unity/Hub/Editor/2020.3.30f1/Editor/Data/Resources/UnitySubsystems
[Subsystems] Discovering subsystems at path C:/Users/Bryan/Desktop/Github Projects/Unity/Project-Boost/Project Boost/Assets
GfxDevice: creating device client; threaded=0
Direct3D:
    Version:  Direct3D 11.0 [level 11.1]
    Renderer: NVIDIA GeForce GTX 1660 Ti with Max-Q Design (ID=0x2191)
    Vendor:   
    VRAM:     5991 MB
    Driver:   30.0.15.1123
Initialize mono
Mono path[0] = 'C:/Program Files/Unity/Hub/Editor/2020.3.30f1/Editor/Data/Managed'
Mono path[1] = 'C:/Program Files/Unity/Hub/Editor/2020.3.30f1/Editor/Data/MonoBleedingEdge/lib/mono/unityjit'
Mono config path = 'C:/Program Files/Unity/Hub/Editor/2020.3.30f1/Editor/Data/MonoBleedingEdge/etc'
Using monoOptions --debugger-agent=transport=dt_socket,embedding=1,server=y,suspend=n,address=127.0.0.1:56084
Begin MonoManager ReloadAssembly
Registering precompiled unity dll's ...
Register platform support module: C:/Program Files/Unity/Hub/Editor/2020.3.30f1/Editor/Data/PlaybackEngines/WebGLSupport/UnityEditor.WebGL.Extensions.dll
Register platform support module: C:/Program Files/Unity/Hub/Editor/2020.3.30f1/Editor/Data/PlaybackEngines/WindowsStandaloneSupport/UnityEditor.WindowsStandalone.Extensions.dll
Registered in 0.003871 seconds.
Native extension for WindowsStandalone target not found
Native extension for WebGL target not found
Refreshing native plugins compatible for Editor in 45.58 ms, found 2 plugins.
Preloading 0 native plugins for Editor in 0.00 ms.
Mono: successfully reloaded assembly
- Completed reload, in  1.112 seconds
Domain Reload Profiling:
	ReloadAssembly (1112ms)
		BeginReloadAssembly (123ms)
			ExecutionOrderSort (0ms)
			DisableScriptedObjects (0ms)
			BackupInstance (0ms)
			ReleaseScriptingObjects (0ms)
			CreateAndSetChildDomain (1ms)
		EndReloadAssembly (847ms)
			LoadAssemblies (120ms)
			RebuildTransferFunctionScriptingTraits (0ms)
			SetupTypeCache (278ms)
			ReleaseScriptCaches (0ms)
			RebuildScriptCaches (47ms)
			SetupLoadedEditorAssemblies (355ms)
				LogAssemblyErrors (0ms)
				InitializePlatformSupportModulesInManaged (8ms)
				SetLoadedEditorAssemblies (0ms)
				RefreshPlugins (46ms)
				BeforeProcessingInitializeOnLoad (26ms)
				ProcessInitializeOnLoadAttributes (216ms)
				ProcessInitializeOnLoadMethodAttributes (59ms)
				AfterProcessingInitializeOnLoad (0ms)
				EditorAssembliesLoaded (0ms)
			ExecutionOrderSort2 (0ms)
			AwakeInstancesAfterBackupRestoration (0ms)
Platform modules already initialized, skipping
Registering precompiled user dll's ...
Registered in 0.006572 seconds.
Begin MonoManager ReloadAssembly
Native extension for WindowsStandalone target not found
Native extension for WebGL target not found
Refreshing native plugins compatible for Editor in 0.79 ms, found 2 plugins.
Preloading 0 native plugins for Editor in 0.00 ms.
Mono: successfully reloaded assembly
- Completed reload, in  1.995 seconds
Domain Reload Profiling:
	ReloadAssembly (1997ms)
		BeginReloadAssembly (299ms)
			ExecutionOrderSort (0ms)
			DisableScriptedObjects (16ms)
			BackupInstance (0ms)
			ReleaseScriptingObjects (0ms)
			CreateAndSetChildDomain (33ms)
		EndReloadAssembly (1577ms)
			LoadAssemblies (174ms)
			RebuildTransferFunctionScriptingTraits (0ms)
			SetupTypeCache (511ms)
			ReleaseScriptCaches (1ms)
			RebuildScriptCaches (72ms)
			SetupLoadedEditorAssemblies (666ms)
				LogAssemblyErrors (0ms)
				InitializePlatformSupportModulesInManaged (13ms)
				SetLoadedEditorAssemblies (1ms)
				RefreshPlugins (1ms)
				BeforeProcessingInitializeOnLoad (193ms)
				ProcessInitializeOnLoadAttributes (425ms)
				ProcessInitializeOnLoadMethodAttributes (17ms)
				AfterProcessingInitializeOnLoad (16ms)
				EditorAssembliesLoaded (0ms)
			ExecutionOrderSort2 (0ms)
			AwakeInstancesAfterBackupRestoration (17ms)
Platform modules already initialized, skipping
========================================================================
Worker process is ready to serve import requests
Launched and connected shader compiler UnityShaderCompiler.exe after 0.10 seconds
Refreshing native plugins compatible for Editor in 0.49 ms, found 2 plugins.
Preloading 0 native plugins for Editor in 0.00 ms.
Unloading 1502 Unused Serialized files (Serialized files now loaded: 0)
System memory in use before: 67.6 MB.
System memory in use after: 67.7 MB.

Unloading 16 unused Assets to reduce memory usage. Loaded Objects now: 1937.
Total: 5.931600 ms (FindLiveObjects: 0.217800 ms CreateObjectMapping: 0.067200 ms MarkObjects: 5.552800 ms  DeleteObjects: 0.092100 ms)

AssetImportParameters requested are different than current active one (requested -> active):
  custom:framework-win-MediaFoundation: 216162199b28c13a410421893ffa2e32 -> 
  custom:video-decoder-ogg-theora: a1e56fd34408186e4bbccfd4996cb3dc -> 
  custom:container-muxer-webm: aa71ff27fc2769a1b78a27578f13a17b -> 
  custom:container-demuxer-webm: 4f35f7cbe854078d1ac9338744f61a02 -> 
  custom:container-demuxer-ogg: 62fdf1f143b41e24485cea50d1cbac27 -> 
  custom:video-encoder-webm-vp8: eb34c28f22e8b96e1ab97ce403110664 -> 
  custom:video-decoder-webm-vp8: 9c59270c3fd7afecdb556c50c9e8de78 -> 
  custom:audio-decoder-ogg-vorbis: bf7c407c2cedff20999df2af8eb42d56 -> 
  custom:audio-encoder-webm-vorbis: bf7c407c2cedff20999df2af8eb42d56 -> 
========================================================================
Received Import Request.
  path: Assets
  artifactKey: Guid(00000000000000001000000000000000) Importer(815301076,1909f56bfc062723c751e8b465ee728b)
Start importing Assets using Guid(00000000000000001000000000000000) Importer(815301076,1909f56bfc062723c751e8b465ee728b)  -> (artifact id: '42d402b061de3733987d63b9cc3b64de') in 0.015234 seconds 
========================================================================
Received Import Request.
  Time since last request: 0.170809 seconds.
  path: Assets/SFX
  artifactKey: Guid(61d1c119edde99c4f966f45140a60994) Importer(815301076,1909f56bfc062723c751e8b465ee728b)
Start importing Assets/SFX using Guid(61d1c119edde99c4f966f45140a60994) Importer(815301076,1909f56bfc062723c751e8b465ee728b)  -> (artifact id: 'd48e6de10587d9f9746cfa4fcae7e1d2') in 0.025685 seconds 
========================================================================
Received Import Request.
  Time since last request: 7.479328 seconds.
  path: Assets/Music
  artifactKey: Guid(75ee1882329c9f04e99f54d7f0585ef0) Importer(815301076,1909f56bfc062723c751e8b465ee728b)
Start importing Assets/Music using Guid(75ee1882329c9f04e99f54d7f0585ef0) Importer(815301076,1909f56bfc062723c751e8b465ee728b)  -> (artifact id: 'c4a27c05f65daab7b980897d685f13ca') in 0.018608 seconds 
========================================================================
Received Import Request.
  Time since last request: 4.465953 seconds.
  path: Assets/VF
  artifactKey: Guid(07c6198ee374ed14ca3a2c5753322039) Importer(815301076,1909f56bfc062723c751e8b465ee728b)
Start importing Assets/VF using Guid(07c6198ee374ed14ca3a2c5753322039) Importer(815301076,1909f56bfc062723c751e8b465ee728b)  -> (artifact id: 'ae1f9e65b494a40283993fd6bde123a4') in 0.019954 seconds 
========================================================================
Received Import Request.
  Time since last request: 6.404474 seconds.
  path: Assets/VFX
  artifactKey: Guid(07c6198ee374ed14ca3a2c5753322039) Importer(815301076,1909f56bfc062723c751e8b465ee728b)
Start importing Assets/VFX using Guid(07c6198ee374ed14ca3a2c5753322039) Importer(815301076,1909f56bfc062723c751e8b465ee728b)  -> (artifact id: 'd61866439dd6dfb6056dce1a9e8a6fc4') in 0.014326 seconds 
========================================================================
Received Import Request.
  Time since last request: 21.126308 seconds.
  path: Assets/New Folder
  artifactKey: Guid(3ae498a66b512c84eaa09a2363cad7ff) Importer(815301076,1909f56bfc062723c751e8b465ee728b)
Start importing Assets/New Folder using Guid(3ae498a66b512c84eaa09a2363cad7ff) Importer(815301076,1909f56bfc062723c751e8b465ee728b)  -> (artifact id: 'c3ace134f361f0b74a9f31a4e13ee8a7') in 0.011140 seconds 
========================================================================
Received Import Request.
  Time since last request: 7.012460 seconds.
  path: Assets/Scripts
  artifactKey: Guid(3510626325bd86f46babd97ba57e9c86) Importer(815301076,1909f56bfc062723c751e8b465ee728b)
Start importing Assets/Scripts using Guid(3510626325bd86f46babd97ba57e9c86) Importer(815301076,1909f56bfc062723c751e8b465ee728b)  -> (artifact id: '4602d6017e65d6d694187dea1152c297') in 0.016436 seconds 
========================================================================
Received Import Request.
  Time since last request: 5.698449 seconds.
  path: Assets/Prefabs
  artifactKey: Guid(e8dd9b28371cc2540926144c9ca04ec0) Importer(815301076,1909f56bfc062723c751e8b465ee728b)
Start importing Assets/Prefabs using Guid(e8dd9b28371cc2540926144c9ca04ec0) Importer(815301076,1909f56bfc062723c751e8b465ee728b)  -> (artifact id: 'ad9ac6f4564ebd348a21d956659f9f68') in 0.016477 seconds 
========================================================================
Received Import Request.
  Time since last request: 6.971773 seconds.
  path: Assets/Terrain
  artifactKey: Guid(7066b2e7f006b9c43ada8116a81c7cb0) Importer(815301076,1909f56bfc062723c751e8b465ee728b)
Start importing Assets/Terrain using Guid(7066b2e7f006b9c43ada8116a81c7cb0) Importer(815301076,1909f56bfc062723c751e8b465ee728b)  -> (artifact id: 'c5266e5a33e34d5af63b0f0eed08e9be') in 0.017872 seconds 
========================================================================
Received Import Request.
  Time since last request: 5.582479 seconds.
  path: Assets/Materials
  artifactKey: Guid(90e711a2a2c35a5438e01284dd983574) Importer(815301076,1909f56bfc062723c751e8b465ee728b)
Start importing Assets/Materials using Guid(90e711a2a2c35a5438e01284dd983574) Importer(815301076,1909f56bfc062723c751e8b465ee728b)  -> (artifact id: '5aec02058beeda73a938f139630179cf') in 0.021115 seconds 
========================================================================
Received Import Request.
  Time since last request: 6.929279 seconds.
  path: Assets/Textures
  artifactKey: Guid(b44caefaf02661047bcd6556b520551f) Importer(815301076,1909f56bfc062723c751e8b465ee728b)
Start importing Assets/Textures using Guid(b44caefaf02661047bcd6556b520551f) Importer(815301076,1909f56bfc062723c751e8b465ee728b)  -> (artifact id: '86a654f68d6c1efc59b4b970ab02763b') in 0.019144 seconds 
========================================================================
Received Import Request.
  Time since last request: 28.710183 seconds.
  path: Assets/Materials/Ground Material.mat
  artifactKey: Guid(429cc787dacd4684e97240b94da3bdf0) Importer(815301076,1909f56bfc062723c751e8b465ee728b)
Start importing Assets/Materials/Ground Material.mat using Guid(429cc787dacd4684e97240b94da3bdf0) Importer(815301076,1909f56bfc062723c751e8b465ee728b)  -> (artifact id: '197dbf9047c1b55023d9ca6d21f4e276') in 0.201688 seconds 
========================================================================
Received Import Request.
  Time since last request: 20.773448 seconds.
  path: Assets/Prefabs/Cartoon Rocket.prefab
  artifactKey: Guid(3dfea8b7873c9fc40a330e45087822fa) Importer(815301076,1909f56bfc062723c751e8b465ee728b)
Start importing Assets/Prefabs/Cartoon Rocket.prefab using Guid(3dfea8b7873c9fc40a330e45087822fa) Importer(815301076,1909f56bfc062723c751e8b465ee728b)  -> (artifact id: '51e77be0b12ec359fab624089f5f9f5d') in 0.080655 seconds 
========================================================================
Received Import Request.
  Time since last request: 0.000245 seconds.
  path: Assets/Prefabs/Landing Pad.prefab
  artifactKey: Guid(07554cb8da6d1514cb6275051e79f028) Importer(815301076,1909f56bfc062723c751e8b465ee728b)
Start importing Assets/Prefabs/Landing Pad.prefab using Guid(07554cb8da6d1514cb6275051e79f028) Importer(815301076,1909f56bfc062723c751e8b465ee728b)  -> (artifact id: 'a635c990f4cd5ec46468411831e96d78') in 0.120423 seconds 
========================================================================
Received Import Request.
  Time since last request: 0.000173 seconds.
  path: Assets/Prefabs/Duplicate Rocket.prefab
  artifactKey: Guid(54b7504ed24a8084fa9fa170368bb84d) Importer(815301076,1909f56bfc062723c751e8b465ee728b)
Start importing Assets/Prefabs/Duplicate Rocket.prefab using Guid(54b7504ed24a8084fa9fa170368bb84d) Importer(815301076,1909f56bfc062723c751e8b465ee728b)  -> (artifact id: '65fbfc48cd7e1c69946988a6834b0b10') in 0.023202 seconds 
========================================================================
Received Import Request.
  Time since last request: 0.000299 seconds.
  path: Assets/Prefabs/Ground .prefab
  artifactKey: Guid(fe78b00b2d5ddf64b8533653e7264b65) Importer(815301076,1909f56bfc062723c751e8b465ee728b)
Start importing Assets/Prefabs/Ground .prefab using Guid(fe78b00b2d5ddf64b8533653e7264b65) Importer(815301076,1909f56bfc062723c751e8b465ee728b)  -> (artifact id: '9aac6f6ffe1c4299b31365a2b0885d96') in 0.034656 seconds 
========================================================================
Received Import Request.
  Time since last request: 0.000218 seconds.
  path: Assets/Prefabs/Rocket.prefab
  artifactKey: Guid(4e0fdade0fb2e2d4ab64242125146f9e) Importer(815301076,1909f56bfc062723c751e8b465ee728b)
Start importing Assets/Prefabs/Rocket.prefab using Guid(4e0fdade0fb2e2d4ab64242125146f9e) Importer(815301076,1909f56bfc062723c751e8b465ee728b)  -> (artifact id: '76cdaab34e53d7b37845741dcbf71f23') in 0.021715 seconds 
========================================================================
Received Import Request.
  Time since last request: 0.000109 seconds.
  path: Assets/Prefabs/Obstacle.prefab
  artifactKey: Guid(ba920887a59841b449034cee9cc438ed) Importer(815301076,1909f56bfc062723c751e8b465ee728b)
Start importing Assets/Prefabs/Obstacle.prefab using Guid(ba920887a59841b449034cee9cc438ed) Importer(815301076,1909f56bfc062723c751e8b465ee728b)  -> (artifact id: 'ffc987aa063d1f508c79791445ed233d') in 0.041711 seconds 
========================================================================
Received Import Request.
  Time since last request: 0.000297 seconds.
  path: Assets/Prefabs/Launch Pad .prefab
  artifactKey: Guid(9cfc8552969d42a4ca867c9c8e288904) Importer(815301076,1909f56bfc062723c751e8b465ee728b)
Start importing Assets/Prefabs/Launch Pad .prefab using Guid(9cfc8552969d42a4ca867c9c8e288904) Importer(815301076,1909f56bfc062723c751e8b465ee728b)  -> (artifact id: '2d274c9b2a9c997e7efd81bf4ad6faba') in 0.034668 seconds 
========================================================================
Received Import Request.
  Time since last request: 22.739018 seconds.
  path: Assets/SFX/Grenade Explosion-SoundBible.com-2100581469.mp3
  artifactKey: Guid(0fd3da9ecd6abc443b653a5ebeded54c) Importer(815301076,1909f56bfc062723c751e8b465ee728b)
Start importing Assets/SFX/Grenade Explosion-SoundBible.com-2100581469.mp3 using Guid(0fd3da9ecd6abc443b653a5ebeded54c) Importer(815301076,1909f56bfc062723c751e8b465ee728b)  -> (artifact id: '2d73ae329e75494685ee109b771d3ebf') in 0.175271 seconds 
========================================================================
Received Import Request.
  Time since last request: 0.000207 seconds.
  path: Assets/SFX/Rocket Thrusters-SoundBible.com-1432176431.mp3
  artifactKey: Guid(c210cb199665bd8448697819d50f5f0c) Importer(815301076,1909f56bfc062723c751e8b465ee728b)
Start importing Assets/SFX/Rocket Thrusters-SoundBible.com-1432176431.mp3 using Guid(c210cb199665bd8448697819d50f5f0c) Importer(815301076,1909f56bfc062723c751e8b465ee728b)  -> (artifact id: 'e788b532e8abde086ed32f40b1617286') in 0.044654 seconds 
========================================================================
Received Import Request.
  Time since last request: 0.000228 seconds.
  path: Assets/SFX/Ta Da-SoundBible.com-1884170640.mp3
  artifactKey: Guid(6ac2e16bd6d6ca040bdb2dffd69d4657) Importer(815301076,1909f56bfc062723c751e8b465ee728b)
Start importing Assets/SFX/Ta Da-SoundBible.com-1884170640.mp3 using Guid(6ac2e16bd6d6ca040bdb2dffd69d4657) Importer(815301076,1909f56bfc062723c751e8b465ee728b)  -> (artifact id: 'cee23a8fd38447aae7acd740f58feef4') in 0.042336 seconds 
========================================================================
Received Import Request.
  Time since last request: 12.434215 seconds.
  path: Assets/VFX/Explosion Particles.prefab
  artifactKey: Guid(9c2055d256e79054b9b18896e56d0c18) Importer(815301076,1909f56bfc062723c751e8b465ee728b)
Start importing Assets/VFX/Explosion Particles.prefab using Guid(9c2055d256e79054b9b18896e56d0c18) Importer(815301076,1909f56bfc062723c751e8b465ee728b)  -> (artifact id: '394eab171256a4367f7318391dcb42ec') in 0.102256 seconds 
========================================================================
Received Import Request.
  Time since last request: 0.006407 seconds.
  path: Assets/VFX/Left Thruster.prefab
  artifactKey: Guid(dde1b837e6ea14745a0415c01c9c0df6) Importer(815301076,1909f56bfc062723c751e8b465ee728b)
Start importing Assets/VFX/Left Thruster.prefab using Guid(dde1b837e6ea14745a0415c01c9c0df6) Importer(815301076,1909f56bfc062723c751e8b465ee728b)  -> (artifact id: '0e6beeaff8954afd1d9a5b93c0be5a95') in 0.066128 seconds 
========================================================================
Received Import Request.
  Time since last request: 0.007309 seconds.
  path: Assets/VFX/Success Particles.prefab
  artifactKey: Guid(9040edf3543f1514a9c12c96664f8036) Importer(815301076,1909f56bfc062723c751e8b465ee728b)
Start importing Assets/VFX/Success Particles.prefab using Guid(9040edf3543f1514a9c12c96664f8036) Importer(815301076,1909f56bfc062723c751e8b465ee728b)  -> (artifact id: '9d6755adb2536c2f95c3a0ed61277989') in 0.086068 seconds 
========================================================================
Received Import Request.
  Time since last request: 0.000184 seconds.
  path: Assets/VFX/Lunar Lander.prefab
  artifactKey: Guid(d87cffc28595f344896dddba8d44cb8f) Importer(815301076,1909f56bfc062723c751e8b465ee728b)
Start importing Assets/VFX/Lunar Lander.prefab using Guid(d87cffc28595f344896dddba8d44cb8f) Importer(815301076,1909f56bfc062723c751e8b465ee728b)  -> (artifact id: 'f227e42a99338824f5eb422a4ab80612') in 0.048878 seconds 
========================================================================
Received Import Request.
  Time since last request: 0.000436 seconds.
  path: Assets/VFX/Right Thruster.prefab
  artifactKey: Guid(26de3d321f7a85f41b4cfbb3f012e6f6) Importer(815301076,1909f56bfc062723c751e8b465ee728b)
Start importing Assets/VFX/Right Thruster.prefab using Guid(26de3d321f7a85f41b4cfbb3f012e6f6) Importer(815301076,1909f56bfc062723c751e8b465ee728b)  -> (artifact id: 'a543f9d94fdd0aa6c72749fdefd5bbc6') in 0.028283 seconds 
========================================================================
Received Import Request.
  Time since last request: 0.000112 seconds.
  path: Assets/VFX/Main Thruster.prefab
  artifactKey: Guid(81e28b342f6dbc7439042110168de52e) Importer(815301076,1909f56bfc062723c751e8b465ee728b)
Start importing Assets/VFX/Main Thruster.prefab using Guid(81e28b342f6dbc7439042110168de52e) Importer(815301076,1909f56bfc062723c751e8b465ee728b)  -> (artifact id: '850a5d05c9bf40ec8f1eba038e693873') in 0.033131 seconds 
========================================================================
Received Import Request.
  Time since last request: 17.263038 seconds.
  path: Assets/Scripts/Movement.cs
  artifactKey: Guid(9963f9098cec5ca4c9c69c1e3b71adf6) Importer(815301076,1909f56bfc062723c751e8b465ee728b)
Start importing Assets/Scripts/Movement.cs using Guid(9963f9098cec5ca4c9c69c1e3b71adf6) Importer(815301076,1909f56bfc062723c751e8b465ee728b)  -> (artifact id: '68c1eeb6e99b742883ae461efa7f829a') in 0.044635 seconds 
========================================================================
Received Prepare
Registering precompiled user dll's ...
Registered in 0.006718 seconds.
Begin MonoManager ReloadAssembly
Native extension for WindowsStandalone target not found
Native extension for WebGL target not found
Refreshing native plugins compatible for Editor in 1.68 ms, found 2 plugins.
Preloading 0 native plugins for Editor in 0.00 ms.
Mono: successfully reloaded assembly
- Completed reload, in  1.766 seconds
Domain Reload Profiling:
	ReloadAssembly (1767ms)
		BeginReloadAssembly (382ms)
			ExecutionOrderSort (0ms)
			DisableScriptedObjects (7ms)
			BackupInstance (0ms)
			ReleaseScriptingObjects (0ms)
			CreateAndSetChildDomain (54ms)
		EndReloadAssembly (1256ms)
			LoadAssemblies (204ms)
			RebuildTransferFunctionScriptingTraits (0ms)
			SetupTypeCache (415ms)
			ReleaseScriptCaches (1ms)
			RebuildScriptCaches (60ms)
			SetupLoadedEditorAssemblies (482ms)
				LogAssemblyErrors (0ms)
				InitializePlatformSupportModulesInManaged (7ms)
				SetLoadedEditorAssemblies (1ms)
				RefreshPlugins (2ms)
				BeforeProcessingInitializeOnLoad (146ms)
				ProcessInitializeOnLoadAttributes (301ms)
				ProcessInitializeOnLoadMethodAttributes (12ms)
				AfterProcessingInitializeOnLoad (14ms)
				EditorAssembliesLoaded (0ms)
			ExecutionOrderSort2 (0ms)
			AwakeInstancesAfterBackupRestoration (10ms)
Platform modules already initialized, skipping
Refreshing native plugins compatible for Editor in 0.69 ms, found 2 plugins.
Preloading 0 native plugins for Editor in 0.00 ms.
Unloading 1498 Unused Serialized files (Serialized files now loaded: 0)
System memory in use before: 71.1 MB.
System memory in use after: 71.2 MB.

Unloading 11 unused Assets to reduce memory usage. Loaded Objects now: 1984.
Total: 3.915900 ms (FindLiveObjects: 0.197700 ms CreateObjectMapping: 0.045300 ms MarkObjects: 3.641100 ms  DeleteObjects: 0.030200 ms)

AssetImportParameters requested are different than current active one (requested -> active):
  custom:framework-win-MediaFoundation: 216162199b28c13a410421893ffa2e32 -> 
  custom:video-decoder-ogg-theora: a1e56fd34408186e4bbccfd4996cb3dc -> 
  custom:container-muxer-webm: aa71ff27fc2769a1b78a27578f13a17b -> 
  custom:container-demuxer-webm: 4f35f7cbe854078d1ac9338744f61a02 -> 
  custom:container-demuxer-ogg: 62fdf1f143b41e24485cea50d1cbac27 -> 
  custom:video-encoder-webm-vp8: eb34c28f22e8b96e1ab97ce403110664 -> 
  custom:video-decoder-webm-vp8: 9c59270c3fd7afecdb556c50c9e8de78 -> 
  custom:audio-decoder-ogg-vorbis: bf7c407c2cedff20999df2af8eb42d56 -> 
  custom:audio-encoder-webm-vorbis: bf7c407c2cedff20999df2af8eb42d56 -> 
========================================================================
Received Import Request.
  Time since last request: 24.711278 seconds.
  path: Assets/SketchFab
  artifactKey: Guid(b7976954538355444becafa0b61f5dac) Importer(815301076,1909f56bfc062723c751e8b465ee728b)
Start importing Assets/SketchFab using Guid(b7976954538355444becafa0b61f5dac) Importer(815301076,1909f56bfc062723c751e8b465ee728b)  -> (artifact id: 'f934e99a2086d78db0a87cdeaaa30e8b') in 0.029844 seconds 
========================================================================
Received Import Request.
  Time since last request: 48.100776 seconds.
  path: Assets/SketchFab/internal_ground_ao_texture.jpeg
  artifactKey: Guid(3994a901bdd51034e87d002c5922d75f) Importer(815301076,1909f56bfc062723c751e8b465ee728b)
Start importing Assets/SketchFab/internal_ground_ao_texture.jpeg using Guid(3994a901bdd51034e87d002c5922d75f) Importer(815301076,1909f56bfc062723c751e8b465ee728b)  -> (artifact id: '965e9a29f3474043cfa317dbf1e9c9c5') in 0.154642 seconds 
========================================================================
Received Import Request.
  Time since last request: 0.000748 seconds.
  path: Assets/SketchFab/x3d-cm-exterior-shell-90k-uvs-150k-4096-diffuse.jpeg
  artifactKey: Guid(9a0f3bf0fc96a1f41a06bed89bd33f5e) Importer(815301076,1909f56bfc062723c751e8b465ee728b)
Start importing Assets/SketchFab/x3d-cm-exterior-shell-90k-uvs-150k-4096-diffuse.jpeg using Guid(9a0f3bf0fc96a1f41a06bed89bd33f5e) Importer(815301076,1909f56bfc062723c751e8b465ee728b)  -> (artifact id: '931c41022986e75db826403695bbaf28') in 0.063159 seconds 
========================================================================
Received Import Request.
  Time since last request: 0.000289 seconds.
  path: Assets/SketchFab/x3d-cm-interior-graffiti-comp-2k_x2048.jpeg
  artifactKey: Guid(a51a41ca7d4f021428cb17f2079c42d5) Importer(815301076,1909f56bfc062723c751e8b465ee728b)
Start importing Assets/SketchFab/x3d-cm-interior-graffiti-comp-2k_x2048.jpeg using Guid(a51a41ca7d4f021428cb17f2079c42d5) Importer(815301076,1909f56bfc062723c751e8b465ee728b)  -> (artifact id: '39b0cf433e7e82f8769819f6b13d3cf3') in 0.036588 seconds 
========================================================================
Received Import Request.
  Time since last request: 0.000193 seconds.
  path: Assets/SketchFab/x3d-cm-interior-panel-comp-4k_x4096.jpeg
  artifactKey: Guid(aa6bc23dbaf940a4ab8d14499236d414) Importer(815301076,1909f56bfc062723c751e8b465ee728b)
Start importing Assets/SketchFab/x3d-cm-interior-panel-comp-4k_x4096.jpeg using Guid(aa6bc23dbaf940a4ab8d14499236d414) Importer(815301076,1909f56bfc062723c751e8b465ee728b)  -> (artifact id: 'bd2bed9baf9c2e5afa9ba134eb6aa03b') in 0.047579 seconds 
========================================================================
Received Import Request.
  Time since last request: 0.000487 seconds.
  path: Assets/SketchFab/x3d-cm-interior-seats-comp-4k_x4096.jpeg
  artifactKey: Guid(09bb083f3e8b25d4bb74606475f527fa) Importer(815301076,1909f56bfc062723c751e8b465ee728b)
Start importing Assets/SketchFab/x3d-cm-interior-seats-comp-4k_x4096.jpeg using Guid(09bb083f3e8b25d4bb74606475f527fa) Importer(815301076,1909f56bfc062723c751e8b465ee728b)  -> (artifact id: '3599b6e4f3d8d765209bed38c3461472') in 0.049450 seconds 
========================================================================
Received Import Request.
  Time since last request: 0.000221 seconds.
  path: Assets/SketchFab/x3d-cm-exterior-top-160k-uvs-150k-4096-diffuse.jpeg
  artifactKey: Guid(62a9130fa4711d64a8e2bf2b8b204adc) Importer(815301076,1909f56bfc062723c751e8b465ee728b)
Start importing Assets/SketchFab/x3d-cm-exterior-top-160k-uvs-150k-4096-diffuse.jpeg using Guid(62a9130fa4711d64a8e2bf2b8b204adc) Importer(815301076,1909f56bfc062723c751e8b465ee728b)  -> (artifact id: '937689f38a8571514cfbc1c07370b48d') in 0.057035 seconds 
========================================================================
Received Import Request.
  Time since last request: 46.086698 seconds.
  path: Assets/SketchFab/Apollo_Command_Module.obj
  artifactKey: Guid(7e1ede714a1cdaf418eef0208d32cb81) Importer(815301076,1909f56bfc062723c751e8b465ee728b)
Start importing Assets/SketchFab/Apollo_Command_Module.obj using Guid(7e1ede714a1cdaf418eef0208d32cb81) Importer(815301076,1909f56bfc062723c751e8b465ee728b)  -> (artifact id: '4e945e75cea438876d924c0e787d1b73') in 0.305997 seconds 
========================================================================
Received Import Request.
  Time since last request: 0.000317 seconds.
  path: Assets/SketchFab/x3d-cm-exterior-top-160k-uvs-150k-4096-normals.jpg
  artifactKey: Guid(019b1fd64b0a7e544ada30e106214da7) Importer(815301076,1909f56bfc062723c751e8b465ee728b)
Start importing Assets/SketchFab/x3d-cm-exterior-top-160k-uvs-150k-4096-normals.jpg using Guid(019b1fd64b0a7e544ada30e106214da7) Importer(815301076,1909f56bfc062723c751e8b465ee728b)  -> (artifact id: 'b4bc69add74b6a5db4ce9f261c4ff6f5') in 0.039307 seconds 
========================================================================
Received Import Request.
  Time since last request: 0.001080 seconds.
  path: Assets/SketchFab/x3d-cm-exterior-shell-90k-uvs-150k-4096-diffuse.jpg
  artifactKey: Guid(d3a1645765a3ccb44b673c6a9ec0dee9) Importer(815301076,1909f56bfc062723c751e8b465ee728b)
Start importing Assets/SketchFab/x3d-cm-exterior-shell-90k-uvs-150k-4096-diffuse.jpg using Guid(d3a1645765a3ccb44b673c6a9ec0dee9) Importer(815301076,1909f56bfc062723c751e8b465ee728b)  -> (artifact id: 'd3b53f2d89954213f9cdf8eecff8bddc') in 0.057239 seconds 
========================================================================
Received Import Request.
  Time since last request: 0.001315 seconds.
  path: Assets/SketchFab/x3d-cm-exterior-top-160k-uvs-150k-4096-diffuse.jpg
  artifactKey: Guid(174b49679d7534e4d92ca019bdb0ea4d) Importer(815301076,1909f56bfc062723c751e8b465ee728b)
Start importing Assets/SketchFab/x3d-cm-exterior-top-160k-uvs-150k-4096-diffuse.jpg using Guid(174b49679d7534e4d92ca019bdb0ea4d) Importer(815301076,1909f56bfc062723c751e8b465ee728b)  -> (artifact id: '08555dc09caeb5fe228b63340133a390') in 0.036063 seconds 
========================================================================
Received Import Request.
  Time since last request: 0.006008 seconds.
  path: Assets/SketchFab/x3d-cm-interior-seats-comp-4k_x4096.jpg
  artifactKey: Guid(1af6c8f47250dad4fa2a217c469af3ae) Importer(815301076,1909f56bfc062723c751e8b465ee728b)
Start importing Assets/SketchFab/x3d-cm-interior-seats-comp-4k_x4096.jpg using Guid(1af6c8f47250dad4fa2a217c469af3ae) Importer(815301076,1909f56bfc062723c751e8b465ee728b)  -> (artifact id: 'f1f6795d360f8f3848f6762448d20ae5') in 0.047922 seconds 
========================================================================
Received Import Request.
  Time since last request: 0.000221 seconds.
  path: Assets/SketchFab/x3d-cm-interior-graffiti-comp-2k_x2048.jpg
  artifactKey: Guid(ec83b345ea837ee40b24c3aa81c043cb) Importer(815301076,1909f56bfc062723c751e8b465ee728b)
Start importing Assets/SketchFab/x3d-cm-interior-graffiti-comp-2k_x2048.jpg using Guid(ec83b345ea837ee40b24c3aa81c043cb) Importer(815301076,1909f56bfc062723c751e8b465ee728b)  -> (artifact id: '99f5d23b5f2f61fd843d6595c9ac0a8b') in 0.047699 seconds 
========================================================================
Received Import Request.
  Time since last request: 0.000922 seconds.
  path: Assets/SketchFab/x3d-cm-interior-panel-comp-4k_x4096.jpg
  artifactKey: Guid(f920e2aa4e40d5a4c848dc19106b438d) Importer(815301076,1909f56bfc062723c751e8b465ee728b)
Start importing Assets/SketchFab/x3d-cm-interior-panel-comp-4k_x4096.jpg using Guid(f920e2aa4e40d5a4c848dc19106b438d) Importer(815301076,1909f56bfc062723c751e8b465ee728b)  -> (artifact id: 'b947972b6d19ecae8940f84e300cc736') in 0.035989 seconds 
========================================================================
Received Import Request.
  Time since last request: 0.000899 seconds.
  path: Assets/SketchFab/x3d-cm-exterior-top-160k-uvs-150k-4096-occlusion.jpg
  artifactKey: Guid(a619cb5be9520f44eb6faf7563205f76) Importer(815301076,1909f56bfc062723c751e8b465ee728b)
Start importing Assets/SketchFab/x3d-cm-exterior-top-160k-uvs-150k-4096-occlusion.jpg using Guid(a619cb5be9520f44eb6faf7563205f76) Importer(815301076,1909f56bfc062723c751e8b465ee728b)  -> (artifact id: '24b9ec79b9e137b117ce32a34592bed2') in 0.041701 seconds 
========================================================================
Received Import Request.
  Time since last request: 0.000233 seconds.
  path: Assets/SketchFab/x3d-cm-exterior-shell-90k-uvs-150k-4096-occlusion.jpg
  artifactKey: Guid(92cb4a709aa2071439294e66a08b8acd) Importer(815301076,1909f56bfc062723c751e8b465ee728b)
Start importing Assets/SketchFab/x3d-cm-exterior-shell-90k-uvs-150k-4096-occlusion.jpg using Guid(92cb4a709aa2071439294e66a08b8acd) Importer(815301076,1909f56bfc062723c751e8b465ee728b)  -> (artifact id: '371e823b51c1662b842eb4008bc39861') in 0.047637 seconds 
========================================================================
Received Import Request.
  Time since last request: 0.000241 seconds.
  path: Assets/SketchFab/x3d-cm-exterior-shell-90k-uvs-150k-4096-normals.jpg
  artifactKey: Guid(70876afeb5697d0418fb015d91e608e6) Importer(815301076,1909f56bfc062723c751e8b465ee728b)
Start importing Assets/SketchFab/x3d-cm-exterior-shell-90k-uvs-150k-4096-normals.jpg using Guid(70876afeb5697d0418fb015d91e608e6) Importer(815301076,1909f56bfc062723c751e8b465ee728b)  -> (artifact id: '8de8d8ef4b77cdb13714c3c546473773') in 0.048338 seconds 
========================================================================
Received Import Request.
  Time since last request: 0.000291 seconds.
  path: Assets/SketchFab/x3d-cm-interior-hull-comp-4k_x4096.jpg
  artifactKey: Guid(18fe4ee959cdfb1488c0889944c5bed6) Importer(815301076,1909f56bfc062723c751e8b465ee728b)
Start importing Assets/SketchFab/x3d-cm-interior-hull-comp-4k_x4096.jpg using Guid(18fe4ee959cdfb1488c0889944c5bed6) Importer(815301076,1909f56bfc062723c751e8b465ee728b)  -> (artifact id: '628497bc56bd983459c4277f7ce2b907') in 0.052301 seconds 
========================================================================
Received Import Request.
  Time since last request: 926.521785 seconds.
  path: Assets/SketchFab/Apollo 11 command and control module
  artifactKey: Guid(876237855cd86e349a621c4c677b90fc) Importer(815301076,1909f56bfc062723c751e8b465ee728b)
Start importing Assets/SketchFab/Apollo 11 command and control module using Guid(876237855cd86e349a621c4c677b90fc) Importer(815301076,1909f56bfc062723c751e8b465ee728b)  -> (artifact id: '06d500d5b38ee1ae0b027ff381e7a69a') in 0.018407 seconds 
========================================================================
Received Import Request.
  Time since last request: 8.598433 seconds.
  path: Assets/SketchFab/Apollo 11 command and control module/New Folder
  artifactKey: Guid(5384e8ee034581549b1072fd0c0f02d7) Importer(815301076,1909f56bfc062723c751e8b465ee728b)
Start importing Assets/SketchFab/Apollo 11 command and control module/New Folder using Guid(5384e8ee034581549b1072fd0c0f02d7) Importer(815301076,1909f56bfc062723c751e8b465ee728b)  -> (artifact id: 'a0707b91f6e228bcc7f0c932f919c26d') in 0.010023 seconds 
========================================================================
Received Import Request.
  Time since last request: 43.750794 seconds.
  path: Assets/SketchFab/Apollo 11 command and control module/New Folder/Apollo_Command_Module.obj
  artifactKey: Guid(523dec49a2111e142885e0a312cae8b0) Importer(815301076,1909f56bfc062723c751e8b465ee728b)
Start importing Assets/SketchFab/Apollo 11 command and control module/New Folder/Apollo_Command_Module.obj using Guid(523dec49a2111e142885e0a312cae8b0) Importer(815301076,1909f56bfc062723c751e8b465ee728b)  -> (artifact id: 'f21217d7cba5fdc2bb7289940db39861') in 0.173544 seconds 
========================================================================
Received Import Request.
  Time since last request: 0.000144 seconds.
  path: Assets/SketchFab/Apollo 11 command and control module/New Folder/x3d-cm-exterior-shell-90k-uvs-150k-4096-occlusion.jpg
  artifactKey: Guid(4ddb4b1fe0c92fc46ae1987eb766a9df) Importer(815301076,1909f56bfc062723c751e8b465ee728b)
Start importing Assets/SketchFab/Apollo 11 command and control module/New Folder/x3d-cm-exterior-shell-90k-uvs-150k-4096-occlusion.jpg using Guid(4ddb4b1fe0c92fc46ae1987eb766a9df) Importer(815301076,1909f56bfc062723c751e8b465ee728b)  -> (artifact id: '8ea47eae377ea2aba66f87dbb1bf0518') in 0.023623 seconds 
========================================================================
Received Import Request.
  Time since last request: 0.000405 seconds.
  path: Assets/SketchFab/Apollo 11 command and control module/New Folder/x3d-cm-exterior-shell-90k-uvs-150k-4096-diffuse.jpg
  artifactKey: Guid(de8b2b0a19ec6124ba0d256c4657dd9e) Importer(815301076,1909f56bfc062723c751e8b465ee728b)
Start importing Assets/SketchFab/Apollo 11 command and control module/New Folder/x3d-cm-exterior-shell-90k-uvs-150k-4096-diffuse.jpg using Guid(de8b2b0a19ec6124ba0d256c4657dd9e) Importer(815301076,1909f56bfc062723c751e8b465ee728b)  -> (artifact id: '3705e14c7fdd2004b4b5ed69dcf29c72') in 0.036995 seconds 
========================================================================
Received Import Request.
  Time since last request: 0.001491 seconds.
  path: Assets/SketchFab/Apollo 11 command and control module/New Folder/x3d-cm-interior-seats-comp-4k_x4096.jpg
  artifactKey: Guid(54afe6d301a61324cbbe32ebfc4c9fa6) Importer(815301076,1909f56bfc062723c751e8b465ee728b)
Start importing Assets/SketchFab/Apollo 11 command and control module/New Folder/x3d-cm-interior-seats-comp-4k_x4096.jpg using Guid(54afe6d301a61324cbbe32ebfc4c9fa6) Importer(815301076,1909f56bfc062723c751e8b465ee728b)  -> (artifact id: 'ba35943c235be166bd7c412e8e511c52') in 0.031521 seconds 
========================================================================
Received Import Request.
  Time since last request: 0.001144 seconds.
  path: Assets/SketchFab/Apollo 11 command and control module/New Folder/x3d-cm-exterior-top-160k-uvs-150k-4096-normals.jpg
  artifactKey: Guid(1806d6abb9d1e6f4ebfce483330ddbfd) Importer(815301076,1909f56bfc062723c751e8b465ee728b)
Start importing Assets/SketchFab/Apollo 11 command and control module/New Folder/x3d-cm-exterior-top-160k-uvs-150k-4096-normals.jpg using Guid(1806d6abb9d1e6f4ebfce483330ddbfd) Importer(815301076,1909f56bfc062723c751e8b465ee728b)  -> (artifact id: 'f7c3ba1387ccc8572f82f3a26f26937f') in 0.043234 seconds 
========================================================================
Received Import Request.
  Time since last request: 0.000273 seconds.
  path: Assets/SketchFab/Apollo 11 command and control module/New Folder/x3d-cm-interior-panel-comp-4k_x4096.jpg
  artifactKey: Guid(e036a786e778c7c428b877c54d4ec6cc) Importer(815301076,1909f56bfc062723c751e8b465ee728b)
Start importing Assets/SketchFab/Apollo 11 command and control module/New Folder/x3d-cm-interior-panel-comp-4k_x4096.jpg using Guid(e036a786e778c7c428b877c54d4ec6cc) Importer(815301076,1909f56bfc062723c751e8b465ee728b)  -> (artifact id: 'ba5dd06e3b6b4f2a8de2bdc41dbc2eeb') in 0.037538 seconds 
========================================================================
Received Import Request.
  Time since last request: 0.003358 seconds.
  path: Assets/SketchFab/Apollo 11 command and control module/New Folder/x3d-cm-exterior-shell-90k-uvs-150k-4096-normals.jpg
  artifactKey: Guid(ecd029b05b477434d9e2270cbf0a0e5a) Importer(815301076,1909f56bfc062723c751e8b465ee728b)
Start importing Assets/SketchFab/Apollo 11 command and control module/New Folder/x3d-cm-exterior-shell-90k-uvs-150k-4096-normals.jpg using Guid(ecd029b05b477434d9e2270cbf0a0e5a) Importer(815301076,1909f56bfc062723c751e8b465ee728b)  -> (artifact id: '5b9fa5bb32ad25855bdc3beb9d3f546f') in 0.056253 seconds 
========================================================================
Received Import Request.
  Time since last request: 0.000247 seconds.
  path: Assets/SketchFab/Apollo 11 command and control module/New Folder/x3d-cm-exterior-top-160k-uvs-150k-4096-diffuse.jpg
  artifactKey: Guid(a6a2a34644027b043a905f5f8bf839ae) Importer(815301076,1909f56bfc062723c751e8b465ee728b)
Start importing Assets/SketchFab/Apollo 11 command and control module/New Folder/x3d-cm-exterior-top-160k-uvs-150k-4096-diffuse.jpg using Guid(a6a2a34644027b043a905f5f8bf839ae) Importer(815301076,1909f56bfc062723c751e8b465ee728b)  -> (artifact id: 'f361fb9131d051518e6f9a01d33dd578') in 0.026970 seconds 
========================================================================
Received Import Request.
  Time since last request: 0.000459 seconds.
  path: Assets/SketchFab/Apollo 11 command and control module/New Folder/x3d-cm-interior-hull-comp-4k_x4096.jpg
  artifactKey: Guid(64098fff64be6a043b343517537b6afe) Importer(815301076,1909f56bfc062723c751e8b465ee728b)
Start importing Assets/SketchFab/Apollo 11 command and control module/New Folder/x3d-cm-interior-hull-comp-4k_x4096.jpg using Guid(64098fff64be6a043b343517537b6afe) Importer(815301076,1909f56bfc062723c751e8b465ee728b)  -> (artifact id: 'f44939c070b27bef81f2fe16d3ff4bbe') in 0.041206 seconds 
========================================================================
Received Import Request.
  Time since last request: 0.003015 seconds.
  path: Assets/SketchFab/Apollo 11 command and control module/New Folder/x3d-cm-interior-graffiti-comp-2k_x2048.jpg
  artifactKey: Guid(6cb682e602145304a82d2aefe8dffd3a) Importer(815301076,1909f56bfc062723c751e8b465ee728b)
Start importing Assets/SketchFab/Apollo 11 command and control module/New Folder/x3d-cm-interior-graffiti-comp-2k_x2048.jpg using Guid(6cb682e602145304a82d2aefe8dffd3a) Importer(815301076,1909f56bfc062723c751e8b465ee728b)  -> (artifact id: 'af0fa4baa4e610cfa679abde409d88bf') in 0.030374 seconds 
========================================================================
Received Import Request.
  Time since last request: 0.000518 seconds.
  path: Assets/SketchFab/Apollo 11 command and control module/New Folder/x3d-cm-exterior-top-160k-uvs-150k-4096-occlusion.jpg
  artifactKey: Guid(e87d69b0f265482438e276218da49084) Importer(815301076,1909f56bfc062723c751e8b465ee728b)
Start importing Assets/SketchFab/Apollo 11 command and control module/New Folder/x3d-cm-exterior-top-160k-uvs-150k-4096-occlusion.jpg using Guid(e87d69b0f265482438e276218da49084) Importer(815301076,1909f56bfc062723c751e8b465ee728b)  -> (artifact id: '2fd1e59eb9cd9a0dcd67d234d532f0af') in 0.030864 seconds 
========================================================================
Received Import Request.
  Time since last request: 19.039008 seconds.
  path: Assets/SketchFab/Apollo 11 command and control module/Apollo_CM_Full
  artifactKey: Guid(5384e8ee034581549b1072fd0c0f02d7) Importer(815301076,1909f56bfc062723c751e8b465ee728b)
Start importing Assets/SketchFab/Apollo 11 command and control module/Apollo_CM_Full using Guid(5384e8ee034581549b1072fd0c0f02d7) Importer(815301076,1909f56bfc062723c751e8b465ee728b)  -> (artifact id: 'e7fbd3fbda5afb2a7869296c9062aede') in 0.021708 seconds 
========================================================================
Received Import Request.
  Time since last request: 3.551956 seconds.
  path: Assets/SketchFab/Apollo 11 command and control module/New Folder
  artifactKey: Guid(4dc54db73ce8fa14fbeb414eb2e5ed8a) Importer(815301076,1909f56bfc062723c751e8b465ee728b)
Start importing Assets/SketchFab/Apollo 11 command and control module/New Folder using Guid(4dc54db73ce8fa14fbeb414eb2e5ed8a) Importer(815301076,1909f56bfc062723c751e8b465ee728b)  -> (artifact id: 'be796d208d8c105c1baf376244f3b0bb') in 0.008504 seconds 
========================================================================
Received Import Request.
  Time since last request: 22.263729 seconds.
  path: Assets/SketchFab/Apollo 11 command and control module/New Folder/internal_ground_ao_texture.jpeg
  artifactKey: Guid(cb1b7dd4bb32d88489c221038c1e06af) Importer(815301076,1909f56bfc062723c751e8b465ee728b)
Start importing Assets/SketchFab/Apollo 11 command and control module/New Folder/internal_ground_ao_texture.jpeg using Guid(cb1b7dd4bb32d88489c221038c1e06af) Importer(815301076,1909f56bfc062723c751e8b465ee728b)  -> (artifact id: 'b876c8226aac8a675145fa63690b7221') in 0.091573 seconds 
========================================================================
Received Import Request.
  Time since last request: 0.000433 seconds.
  path: Assets/SketchFab/Apollo 11 command and control module/New Folder/x3d-cm-interior-graffiti-comp-2k_x2048.jpeg
  artifactKey: Guid(5f1a8ad646d2d754eb478aaa2f2f4cae) Importer(815301076,1909f56bfc062723c751e8b465ee728b)
Start importing Assets/SketchFab/Apollo 11 command and control module/New Folder/x3d-cm-interior-graffiti-comp-2k_x2048.jpeg using Guid(5f1a8ad646d2d754eb478aaa2f2f4cae) Importer(815301076,1909f56bfc062723c751e8b465ee728b)  -> (artifact id: '60bb7099ae3638343f2420d555103a4b') in 0.036317 seconds 
========================================================================
Received Import Request.
  Time since last request: 0.005750 seconds.
  path: Assets/SketchFab/Apollo 11 command and control module/New Folder/x3d-cm-exterior-shell-90k-uvs-150k-4096-diffuse.jpeg
  artifactKey: Guid(8e5565aff9d36104f92042b6f6ee6083) Importer(815301076,1909f56bfc062723c751e8b465ee728b)
Start importing Assets/SketchFab/Apollo 11 command and control module/New Folder/x3d-cm-exterior-shell-90k-uvs-150k-4096-diffuse.jpeg using Guid(8e5565aff9d36104f92042b6f6ee6083) Importer(815301076,1909f56bfc062723c751e8b465ee728b)  -> (artifact id: 'a8ab6fcee9af619d9372fe25cc7716b6') in 0.120928 seconds 
========================================================================
Received Import Request.
  Time since last request: 0.000423 seconds.
  path: Assets/SketchFab/Apollo 11 command and control module/New Folder/x3d-cm-interior-panel-comp-4k_x4096.jpeg
  artifactKey: Guid(d2246d484f2f0d843bdd7c17d73addae) Importer(815301076,1909f56bfc062723c751e8b465ee728b)
Start importing Assets/SketchFab/Apollo 11 command and control module/New Folder/x3d-cm-interior-panel-comp-4k_x4096.jpeg using Guid(d2246d484f2f0d843bdd7c17d73addae) Importer(815301076,1909f56bfc062723c751e8b465ee728b)  -> (artifact id: '28e4104759503f0c0ff079e5e13003cc') in 0.061195 seconds 
========================================================================
Received Import Request.
  Time since last request: 0.000239 seconds.
  path: Assets/SketchFab/Apollo 11 command and control module/New Folder/x3d-cm-exterior-top-160k-uvs-150k-4096-diffuse.jpeg
  artifactKey: Guid(5e966cd0899e8934fa873d4dcd7e28cb) Importer(815301076,1909f56bfc062723c751e8b465ee728b)
Start importing Assets/SketchFab/Apollo 11 command and control module/New Folder/x3d-cm-exterior-top-160k-uvs-150k-4096-diffuse.jpeg using Guid(5e966cd0899e8934fa873d4dcd7e28cb) Importer(815301076,1909f56bfc062723c751e8b465ee728b)  -> (artifact id: '1c2b11f26dc5f6a6b4fbdc9b5d062549') in 0.042454 seconds 
========================================================================
Received Import Request.
  Time since last request: 0.000406 seconds.
  path: Assets/SketchFab/Apollo 11 command and control module/New Folder/x3d-cm-interior-seats-comp-4k_x4096.jpeg
  artifactKey: Guid(1504e9a3a6156454ab5ad3f7fd192bab) Importer(815301076,1909f56bfc062723c751e8b465ee728b)
Start importing Assets/SketchFab/Apollo 11 command and control module/New Folder/x3d-cm-interior-seats-comp-4k_x4096.jpeg using Guid(1504e9a3a6156454ab5ad3f7fd192bab) Importer(815301076,1909f56bfc062723c751e8b465ee728b)  -> (artifact id: '18de75dbb8c777873a03c8db22cd936f') in 0.041186 seconds 
========================================================================
Received Import Request.
  Time since last request: 0.001015 seconds.
  path: Assets/SketchFab/Apollo 11 command and control module/New Folder/x3d-cm-interior-hull-comp-4k_x4096.jpeg
  artifactKey: Guid(697b1fcc065502d49957d389ae4e8068) Importer(815301076,1909f56bfc062723c751e8b465ee728b)
Start importing Assets/SketchFab/Apollo 11 command and control module/New Folder/x3d-cm-interior-hull-comp-4k_x4096.jpeg using Guid(697b1fcc065502d49957d389ae4e8068) Importer(815301076,1909f56bfc062723c751e8b465ee728b)  -> (artifact id: '30b04b0ed826d27662128ea01c9e3aaf') in 0.041115 seconds 
========================================================================
Received Import Request.
  Time since last request: 8.458421 seconds.
  path: Assets/SketchFab/Apollo 11 command and control module/Textures
  artifactKey: Guid(4dc54db73ce8fa14fbeb414eb2e5ed8a) Importer(815301076,1909f56bfc062723c751e8b465ee728b)
Start importing Assets/SketchFab/Apollo 11 command and control module/Textures using Guid(4dc54db73ce8fa14fbeb414eb2e5ed8a) Importer(815301076,1909f56bfc062723c751e8b465ee728b)  -> (artifact id: 'a05ed6da6239231772bc537536e2b95c') in 0.009170 seconds 
========================================================================
Received Import Request.
  Time since last request: 11.587411 seconds.
  path: Assets/SketchFab/Apollo 11 command and control module/readme.txt
  artifactKey: Guid(4f40744da84574741817df055bf3f3ae) Importer(815301076,1909f56bfc062723c751e8b465ee728b)
Start importing Assets/SketchFab/Apollo 11 command and control module/readme.txt using Guid(4f40744da84574741817df055bf3f3ae) Importer(815301076,1909f56bfc062723c751e8b465ee728b)  -> (artifact id: '5bb1bee29ab3a568b88edd557a8935ad') in 0.050546 seconds 
========================================================================
Received Import Request.
  Time since last request: 80.631255 seconds.
  path: Assets/Materials/Obstacle Material.mat
  artifactKey: Guid(005a924dfce9b524994a61fcdc03ba16) Importer(815301076,1909f56bfc062723c751e8b465ee728b)
Start importing Assets/Materials/Obstacle Material.mat using Guid(005a924dfce9b524994a61fcdc03ba16) Importer(815301076,1909f56bfc062723c751e8b465ee728b)  -> (artifact id: '454344630f68cab6fa0945860eb7cb3e') in 0.053240 seconds 
========================================================================
Received Import Request.
  Time since last request: 40.454252 seconds.
  path: Assets/Materials/Landing Pad Material.mat
  artifactKey: Guid(e104f30c34a5d6b479dd78ad633e3fce) Importer(815301076,1909f56bfc062723c751e8b465ee728b)
Start importing Assets/Materials/Landing Pad Material.mat using Guid(e104f30c34a5d6b479dd78ad633e3fce) Importer(815301076,1909f56bfc062723c751e8b465ee728b)  -> (artifact id: '7f2cc040ab48f173dc5d3e04ec14ccd4') in 0.036118 seconds 
========================================================================
Received Import Request.
  Time since last request: 11.397247 seconds.
  path: Assets/Materials/Launch Pad Material.mat
  artifactKey: Guid(315c6feb072b16a40be2ddb44670d878) Importer(815301076,1909f56bfc062723c751e8b465ee728b)
Start importing Assets/Materials/Launch Pad Material.mat using Guid(315c6feb072b16a40be2ddb44670d878) Importer(815301076,1909f56bfc062723c751e8b465ee728b)  -> (artifact id: '7d049dfcb4264e448424ba08d2327fd9') in 0.027596 seconds 
========================================================================
Received Import Request.
  Time since last request: 124.923844 seconds.
  path: Assets/Prefabs/Cartoon Rocket.prefab
  artifactKey: Guid(3dfea8b7873c9fc40a330e45087822fa) Importer(815301076,1909f56bfc062723c751e8b465ee728b)
Start importing Assets/Prefabs/Cartoon Rocket.prefab using Guid(3dfea8b7873c9fc40a330e45087822fa) Importer(815301076,1909f56bfc062723c751e8b465ee728b)  -> (artifact id: 'e0eaab3f63c51671c80c3433de925b62') in 0.818075 seconds 
========================================================================
Received Prepare
Registering precompiled user dll's ...
Registered in 0.008071 seconds.
Begin MonoManager ReloadAssembly
Native extension for WindowsStandalone target not found
Native extension for WebGL target not found
Refreshing native plugins compatible for Editor in 0.71 ms, found 2 plugins.
Preloading 0 native plugins for Editor in 0.00 ms.
Mono: successfully reloaded assembly
- Completed reload, in  1.828 seconds
Domain Reload Profiling:
	ReloadAssembly (1829ms)
		BeginReloadAssembly (251ms)
			ExecutionOrderSort (0ms)
			DisableScriptedObjects (10ms)
			BackupInstance (0ms)
			ReleaseScriptingObjects (0ms)
			CreateAndSetChildDomain (86ms)
		EndReloadAssembly (1417ms)
			LoadAssemblies (211ms)
			RebuildTransferFunctionScriptingTraits (0ms)
			SetupTypeCache (561ms)
			ReleaseScriptCaches (1ms)
			RebuildScriptCaches (56ms)
			SetupLoadedEditorAssemblies (453ms)
				LogAssemblyErrors (0ms)
				InitializePlatformSupportModulesInManaged (8ms)
				SetLoadedEditorAssemblies (1ms)
				RefreshPlugins (1ms)
				BeforeProcessingInitializeOnLoad (132ms)
				ProcessInitializeOnLoadAttributes (273ms)
				ProcessInitializeOnLoadMethodAttributes (15ms)
				AfterProcessingInitializeOnLoad (23ms)
				EditorAssembliesLoaded (0ms)
			ExecutionOrderSort2 (0ms)
			AwakeInstancesAfterBackupRestoration (21ms)
Platform modules already initialized, skipping
Refreshing native plugins compatible for Editor in 0.64 ms, found 2 plugins.
Preloading 0 native plugins for Editor in 0.00 ms.
Unloading 1502 Unused Serialized files (Serialized files now loaded: 0)
System memory in use before: 72.4 MB.
System memory in use after: 72.5 MB.

Unloading 11 unused Assets to reduce memory usage. Loaded Objects now: 1995.
Total: 4.989700 ms (FindLiveObjects: 0.206400 ms CreateObjectMapping: 0.072400 ms MarkObjects: 4.681000 ms  DeleteObjects: 0.028700 ms)

AssetImportParameters requested are different than current active one (requested -> active):
  custom:framework-win-MediaFoundation: 216162199b28c13a410421893ffa2e32 -> 
  custom:video-decoder-ogg-theora: a1e56fd34408186e4bbccfd4996cb3dc -> 
  custom:container-muxer-webm: aa71ff27fc2769a1b78a27578f13a17b -> 
  custom:container-demuxer-webm: 4f35f7cbe854078d1ac9338744f61a02 -> 
  custom:container-demuxer-ogg: 62fdf1f143b41e24485cea50d1cbac27 -> 
  custom:video-encoder-webm-vp8: eb34c28f22e8b96e1ab97ce403110664 -> 
  custom:video-decoder-webm-vp8: 9c59270c3fd7afecdb556c50c9e8de78 -> 
  custom:audio-decoder-ogg-vorbis: bf7c407c2cedff20999df2af8eb42d56 -> 
  custom:audio-encoder-webm-vorbis: bf7c407c2cedff20999df2af8eb42d56 -> 
========================================================================
Received Import Request.
  Time since last request: 120.141473 seconds.
  path: Assets/Prefabs/Cartoon Rocket.prefab
  artifactKey: Guid(3dfea8b7873c9fc40a330e45087822fa) Importer(815301076,1909f56bfc062723c751e8b465ee728b)
Start importing Assets/Prefabs/Cartoon Rocket.prefab using Guid(3dfea8b7873c9fc40a330e45087822fa) Importer(815301076,1909f56bfc062723c751e8b465ee728b)  -> (artifact id: 'c8ab12eb94beacb70ab2a8df79712c8d') in 0.240855 seconds 
========================================================================
Received Import Request.
  Time since last request: 266.823539 seconds.
  path: Assets/Inguz Media Studio/Free 2D Impact FX/Materiales/Impact02.mat
  artifactKey: Guid(68334d56da6cd0044bdfb728a30c93d7) Importer(815301076,1909f56bfc062723c751e8b465ee728b)
Start importing Assets/Inguz Media Studio/Free 2D Impact FX/Materiales/Impact02.mat using Guid(68334d56da6cd0044bdfb728a30c93d7) Importer(815301076,1909f56bfc062723c751e8b465ee728b)  -> (artifact id: '6900cf920d1f4165e1e57a6eb0449e0e') in 0.357233 seconds 
========================================================================
Received Import Request.
  Time since last request: 629.428902 seconds.
  path: Assets/Scenes
  artifactKey: Guid(1b3892ddb06789b47b88962a34425f8b) Importer(815301076,1909f56bfc062723c751e8b465ee728b)
Start importing Assets/Scenes using Guid(1b3892ddb06789b47b88962a34425f8b) Importer(815301076,1909f56bfc062723c751e8b465ee728b)  -> (artifact id: 'e9d4833dfa3f9da4c11329a4b99aae09') in 0.021916 seconds 
========================================================================
Received Import Request.
  Time since last request: 1.023150 seconds.
  path: Assets/Scenes/SampleScene.unity
  artifactKey: Guid(9fc0d4010bbf28b4594072e72b8655ab) Importer(815301076,1909f56bfc062723c751e8b465ee728b)
Start importing Assets/Scenes/SampleScene.unity using Guid(9fc0d4010bbf28b4594072e72b8655ab) Importer(815301076,1909f56bfc062723c751e8b465ee728b)  -> (artifact id: '22618462efb3f814c8404fa6147d42a7') in 0.023074 seconds 
========================================================================
Received Import Request.
  Time since last request: 98.834742 seconds.
  path: Assets/Scenes/SampleScene 1.unity
  artifactKey: Guid(85999b3eab79cb642846987d2bafb0fd) Importer(815301076,1909f56bfc062723c751e8b465ee728b)
Start importing Assets/Scenes/SampleScene 1.unity using Guid(85999b3eab79cb642846987d2bafb0fd) Importer(815301076,1909f56bfc062723c751e8b465ee728b)  -> (artifact id: '7bb6e176f99cb50cfb2eca85ce6addbc') in 0.021477 seconds 
========================================================================
Received Import Request.
  Time since last request: 5.897169 seconds.
  path: Assets/Scenes/Over.unity
  artifactKey: Guid(85999b3eab79cb642846987d2bafb0fd) Importer(815301076,1909f56bfc062723c751e8b465ee728b)
Start importing Assets/Scenes/Over.unity using Guid(85999b3eab79cb642846987d2bafb0fd) Importer(815301076,1909f56bfc062723c751e8b465ee728b)  -> (artifact id: 'b986ed8bb5aba75c1bbf7c884bca153f') in 0.015058 seconds 
========================================================================
Received Import Request.
  Time since last request: 8.920723 seconds.
  path: Assets/Scenes/Under.unity
  artifactKey: Guid(9fc0d4010bbf28b4594072e72b8655ab) Importer(815301076,1909f56bfc062723c751e8b465ee728b)
Start importing Assets/Scenes/Under.unity using Guid(9fc0d4010bbf28b4594072e72b8655ab) Importer(815301076,1909f56bfc062723c751e8b465ee728b)  -> (artifact id: 'f022b313397b5829a14b69d114a922f5') in 0.052928 seconds 
========================================================================
Received Import Request.
  Time since last request: 80.375632 seconds.
  path: Assets/Prefabs/Cartoon Rocket 1.prefab
  artifactKey: Guid(1e9809080a40b7343bae90770c9f2477) Importer(815301076,1909f56bfc062723c751e8b465ee728b)
Start importing Assets/Prefabs/Cartoon Rocket 1.prefab using Guid(1e9809080a40b7343bae90770c9f2477) Importer(815301076,1909f56bfc062723c751e8b465ee728b)  -> (artifact id: '318902d031c0e390d93acea50fbb0159') in 0.168729 seconds 
========================================================================
Received Import Request.
  Time since last request: 19.583907 seconds.
  path: Assets/Prefabs/Cartoon Rocket.prefab
  artifactKey: Guid(1e9809080a40b7343bae90770c9f2477) Importer(815301076,1909f56bfc062723c751e8b465ee728b)
Start importing Assets/Prefabs/Cartoon Rocket.prefab using Guid(1e9809080a40b7343bae90770c9f2477) Importer(815301076,1909f56bfc062723c751e8b465ee728b)  -> (artifact id: '9cc90f337c1904f72bf143f8f29c0eed') in 0.155134 seconds 
========================================================================
Received Prepare
Registering precompiled user dll's ...
Registered in 0.007474 seconds.
Begin MonoManager ReloadAssembly
Native extension for WindowsStandalone target not found
Native extension for WebGL target not found
Refreshing native plugins compatible for Editor in 0.65 ms, found 2 plugins.
Preloading 0 native plugins for Editor in 0.00 ms.
Mono: successfully reloaded assembly
- Completed reload, in  1.493 seconds
Domain Reload Profiling:
	ReloadAssembly (1493ms)
		BeginReloadAssembly (168ms)
			ExecutionOrderSort (0ms)
			DisableScriptedObjects (6ms)
			BackupInstance (0ms)
			ReleaseScriptingObjects (0ms)
			CreateAndSetChildDomain (48ms)
		EndReloadAssembly (1220ms)
			LoadAssemblies (145ms)
			RebuildTransferFunctionScriptingTraits (0ms)
			SetupTypeCache (387ms)
			ReleaseScriptCaches (2ms)
			RebuildScriptCaches (72ms)
			SetupLoadedEditorAssemblies (456ms)
				LogAssemblyErrors (0ms)
				InitializePlatformSupportModulesInManaged (9ms)
				SetLoadedEditorAssemblies (1ms)
				RefreshPlugins (1ms)
				BeforeProcessingInitializeOnLoad (143ms)
				ProcessInitializeOnLoadAttributes (277ms)
				ProcessInitializeOnLoadMethodAttributes (13ms)
				AfterProcessingInitializeOnLoad (12ms)
				EditorAssembliesLoaded (0ms)
			ExecutionOrderSort2 (0ms)
			AwakeInstancesAfterBackupRestoration (10ms)
Platform modules already initialized, skipping
Refreshing native plugins compatible for Editor in 0.62 ms, found 2 plugins.
Preloading 0 native plugins for Editor in 0.00 ms.
Unloading 1502 Unused Serialized files (Serialized files now loaded: 0)
System memory in use before: 72.5 MB.
System memory in use after: 72.6 MB.

Unloading 11 unused Assets to reduce memory usage. Loaded Objects now: 1999.
Total: 4.594800 ms (FindLiveObjects: 0.200500 ms CreateObjectMapping: 0.070200 ms MarkObjects: 4.292300 ms  DeleteObjects: 0.030400 ms)

AssetImportParameters requested are different than current active one (requested -> active):
  custom:framework-win-MediaFoundation: 216162199b28c13a410421893ffa2e32 -> 
  custom:video-decoder-ogg-theora: a1e56fd34408186e4bbccfd4996cb3dc -> 
  custom:container-muxer-webm: aa71ff27fc2769a1b78a27578f13a17b -> 
  custom:container-demuxer-webm: 4f35f7cbe854078d1ac9338744f61a02 -> 
  custom:container-demuxer-ogg: 62fdf1f143b41e24485cea50d1cbac27 -> 
  custom:video-encoder-webm-vp8: eb34c28f22e8b96e1ab97ce403110664 -> 
  custom:video-decoder-webm-vp8: 9c59270c3fd7afecdb556c50c9e8de78 -> 
  custom:audio-decoder-ogg-vorbis: bf7c407c2cedff20999df2af8eb42d56 -> 
  custom:audio-encoder-webm-vorbis: bf7c407c2cedff20999df2af8eb42d56 -> 
========================================================================
Received Import Request.
  Time since last request: 177.119755 seconds.
  path: Assets/Scenes/Under.unity
  artifactKey: Guid(9fc0d4010bbf28b4594072e72b8655ab) Importer(815301076,1909f56bfc062723c751e8b465ee728b)
Start importing Assets/Scenes/Under.unity using Guid(9fc0d4010bbf28b4594072e72b8655ab) Importer(815301076,1909f56bfc062723c751e8b465ee728b)  -> (artifact id: '425347b533fc77f3b15b9445733629d0') in 0.024550 seconds 
========================================================================
Received Import Request.
  Time since last request: 14.257811 seconds.
  path: Assets/Scenes/Over 1.unity
  artifactKey: Guid(e0e89de19fc290a479e251ddf089fffc) Importer(815301076,1909f56bfc062723c751e8b465ee728b)
Start importing Assets/Scenes/Over 1.unity using Guid(e0e89de19fc290a479e251ddf089fffc) Importer(815301076,1909f56bfc062723c751e8b465ee728b)  -> (artifact id: '86ae8e77aec824152680858e7b8d12fd') in 0.020537 seconds 
========================================================================
Received Import Request.
  Time since last request: 6.585325 seconds.
  path: Assets/Scenes/Under.unity
  artifactKey: Guid(e0e89de19fc290a479e251ddf089fffc) Importer(815301076,1909f56bfc062723c751e8b465ee728b)
Start importing Assets/Scenes/Under.unity using Guid(e0e89de19fc290a479e251ddf089fffc) Importer(815301076,1909f56bfc062723c751e8b465ee728b)  -> (artifact id: 'b7fd610ec459d05a2f6ae3f07fd393dd') in 0.010622 seconds 
========================================================================
Received Prepare
Registering precompiled user dll's ...
Registered in 0.006237 seconds.
Begin MonoManager ReloadAssembly
Native extension for WindowsStandalone target not found
Native extension for WebGL target not found
Refreshing native plugins compatible for Editor in 5.56 ms, found 2 plugins.
Preloading 0 native plugins for Editor in 0.00 ms.
Mono: successfully reloaded assembly
- Completed reload, in  5.403 seconds
Domain Reload Profiling:
	ReloadAssembly (5403ms)
		BeginReloadAssembly (180ms)
			ExecutionOrderSort (0ms)
			DisableScriptedObjects (7ms)
			BackupInstance (0ms)
			ReleaseScriptingObjects (0ms)
			CreateAndSetChildDomain (54ms)
		EndReloadAssembly (5121ms)
			LoadAssemblies (154ms)
			RebuildTransferFunctionScriptingTraits (0ms)
			SetupTypeCache (1635ms)
			ReleaseScriptCaches (5ms)
			RebuildScriptCaches (338ms)
			SetupLoadedEditorAssemblies (2060ms)
				LogAssemblyErrors (0ms)
				InitializePlatformSupportModulesInManaged (47ms)
				SetLoadedEditorAssemblies (2ms)
				RefreshPlugins (6ms)
				BeforeProcessingInitializeOnLoad (663ms)
				ProcessInitializeOnLoadAttributes (1308ms)
				ProcessInitializeOnLoadMethodAttributes (21ms)
				AfterProcessingInitializeOnLoad (13ms)
				EditorAssembliesLoaded (0ms)
			ExecutionOrderSort2 (0ms)
			AwakeInstancesAfterBackupRestoration (20ms)
Platform modules already initialized, skipping
Refreshing native plugins compatible for Editor in 3.48 ms, found 2 plugins.
Preloading 0 native plugins for Editor in 0.00 ms.
Unloading 1502 Unused Serialized files (Serialized files now loaded: 0)
System memory in use before: 72.5 MB.
System memory in use after: 72.6 MB.

Unloading 11 unused Assets to reduce memory usage. Loaded Objects now: 2001.
Total: 14.428500 ms (FindLiveObjects: 0.359600 ms CreateObjectMapping: 0.158900 ms MarkObjects: 13.750700 ms  DeleteObjects: 0.157300 ms)

AssetImportParameters requested are different than current active one (requested -> active):
  custom:framework-win-MediaFoundation: 216162199b28c13a410421893ffa2e32 -> 
  custom:video-decoder-ogg-theora: a1e56fd34408186e4bbccfd4996cb3dc -> 
  custom:container-muxer-webm: aa71ff27fc2769a1b78a27578f13a17b -> 
  custom:container-demuxer-webm: 4f35f7cbe854078d1ac9338744f61a02 -> 
  custom:container-demuxer-ogg: 62fdf1f143b41e24485cea50d1cbac27 -> 
  custom:video-encoder-webm-vp8: eb34c28f22e8b96e1ab97ce403110664 -> 
  custom:video-decoder-webm-vp8: 9c59270c3fd7afecdb556c50c9e8de78 -> 
  custom:audio-decoder-ogg-vorbis: bf7c407c2cedff20999df2af8eb42d56 -> 
  custom:audio-encoder-webm-vorbis: bf7c407c2cedff20999df2af8eb42d56 -> 
========================================================================
Received Import Request.
  Time since last request: 60.747256 seconds.
  path: Assets/Scenes/Under.unity
  artifactKey: Guid(e0e89de19fc290a479e251ddf089fffc) Importer(815301076,1909f56bfc062723c751e8b465ee728b)
Start importing Assets/Scenes/Under.unity using Guid(e0e89de19fc290a479e251ddf089fffc) Importer(815301076,1909f56bfc062723c751e8b465ee728b)  -> (artifact id: '4ece53cc604e468909b6ada06216b863') in 0.041352 seconds 
========================================================================
Received Import Request.
  Time since last request: 1.630943 seconds.
  path: Assets/Scenes/Under 1.unity
  artifactKey: Guid(20e8f37196f801f4c9147e214d4dd206) Importer(815301076,1909f56bfc062723c751e8b465ee728b)
Start importing Assets/Scenes/Under 1.unity using Guid(20e8f37196f801f4c9147e214d4dd206) Importer(815301076,1909f56bfc062723c751e8b465ee728b)  -> (artifact id: '9f2baa31b61d10ab350db14da8d8e6ab') in 0.060112 seconds 
========================================================================
Received Import Request.
  Time since last request: 14.096478 seconds.
  path: Assets/Scenes/Over.unity
  artifactKey: Guid(20e8f37196f801f4c9147e214d4dd206) Importer(815301076,1909f56bfc062723c751e8b465ee728b)
Start importing Assets/Scenes/Over.unity using Guid(20e8f37196f801f4c9147e214d4dd206) Importer(815301076,1909f56bfc062723c751e8b465ee728b)  -> (artifact id: '9e4cd0d87de07a7529a997c747c9cc0a') in 0.008659 seconds 
========================================================================
Received Import Request.
  Time since last request: 55.283800 seconds.
  path: Assets/Scenes/Over.unity
  artifactKey: Guid(20e8f37196f801f4c9147e214d4dd206) Importer(815301076,1909f56bfc062723c751e8b465ee728b)
Start importing Assets/Scenes/Over.unity using Guid(20e8f37196f801f4c9147e214d4dd206) Importer(815301076,1909f56bfc062723c751e8b465ee728b)  -> (artifact id: '366fa141f8127df70fa053bb56329175') in 0.011900 seconds 
========================================================================
Received Import Request.
  Time since last request: 12.612254 seconds.
  path: Assets/Scenes/Over1.unity
  artifactKey: Guid(e0e89de19fc290a479e251ddf089fffc) Importer(815301076,1909f56bfc062723c751e8b465ee728b)
Start importing Assets/Scenes/Over1.unity using Guid(e0e89de19fc290a479e251ddf089fffc) Importer(815301076,1909f56bfc062723c751e8b465ee728b)  -> (artifact id: '7427a2c703b465de37cd7b90e4a7b964') in 0.037936 seconds 
========================================================================
Received Import Request.
  Time since last request: 5.627827 seconds.
  path: Assets/Scenes/Under.unity
  artifactKey: Guid(20e8f37196f801f4c9147e214d4dd206) Importer(815301076,1909f56bfc062723c751e8b465ee728b)
Start importing Assets/Scenes/Under.unity using Guid(20e8f37196f801f4c9147e214d4dd206) Importer(815301076,1909f56bfc062723c751e8b465ee728b)  -> (artifact id: 'b89e05dead20250111e7d44fe9083d50') in 0.012015 seconds 
========================================================================
Received Import Request.
  Time since last request: 7.419257 seconds.
  path: Assets/Scenes/Over.unity
  artifactKey: Guid(e0e89de19fc290a479e251ddf089fffc) Importer(815301076,1909f56bfc062723c751e8b465ee728b)
Start importing Assets/Scenes/Over.unity using Guid(e0e89de19fc290a479e251ddf089fffc) Importer(815301076,1909f56bfc062723c751e8b465ee728b)  -> (artifact id: '76ac35a5e44ac6144efaab4c5f7bbe32') in 0.009430 seconds 
========================================================================
Received Prepare
Registering precompiled user dll's ...
Registered in 0.004706 seconds.
Begin MonoManager ReloadAssembly
Native extension for WindowsStandalone target not found
Native extension for WebGL target not found
Refreshing native plugins compatible for Editor in 0.61 ms, found 2 plugins.
Preloading 0 native plugins for Editor in 0.00 ms.
Mono: successfully reloaded assembly
- Completed reload, in  1.433 seconds
Domain Reload Profiling:
	ReloadAssembly (1434ms)
		BeginReloadAssembly (178ms)
			ExecutionOrderSort (0ms)
			DisableScriptedObjects (9ms)
			BackupInstance (0ms)
			ReleaseScriptingObjects (0ms)
			CreateAndSetChildDomain (48ms)
		EndReloadAssembly (1154ms)
			LoadAssemblies (147ms)
			RebuildTransferFunctionScriptingTraits (0ms)
			SetupTypeCache (409ms)
			ReleaseScriptCaches (2ms)
			RebuildScriptCaches (56ms)
			SetupLoadedEditorAssemblies (423ms)
				LogAssemblyErrors (0ms)
				InitializePlatformSupportModulesInManaged (7ms)
				SetLoadedEditorAssemblies (1ms)
				RefreshPlugins (1ms)
				BeforeProcessingInitializeOnLoad (131ms)
				ProcessInitializeOnLoadAttributes (257ms)
				ProcessInitializeOnLoadMethodAttributes (14ms)
				AfterProcessingInitializeOnLoad (12ms)
				EditorAssembliesLoaded (1ms)
			ExecutionOrderSort2 (0ms)
			AwakeInstancesAfterBackupRestoration (10ms)
Platform modules already initialized, skipping
Refreshing native plugins compatible for Editor in 1.18 ms, found 2 plugins.
Preloading 0 native plugins for Editor in 0.00 ms.
Unloading 1502 Unused Serialized files (Serialized files now loaded: 0)
System memory in use before: 72.5 MB.
System memory in use after: 72.7 MB.

Unloading 11 unused Assets to reduce memory usage. Loaded Objects now: 2003.
Total: 6.932400 ms (FindLiveObjects: 0.206000 ms CreateObjectMapping: 0.056000 ms MarkObjects: 5.646400 ms  DeleteObjects: 1.022400 ms)

AssetImportParameters requested are different than current active one (requested -> active):
  custom:framework-win-MediaFoundation: 216162199b28c13a410421893ffa2e32 -> 
  custom:video-decoder-ogg-theora: a1e56fd34408186e4bbccfd4996cb3dc -> 
  custom:container-muxer-webm: aa71ff27fc2769a1b78a27578f13a17b -> 
  custom:container-demuxer-webm: 4f35f7cbe854078d1ac9338744f61a02 -> 
  custom:container-demuxer-ogg: 62fdf1f143b41e24485cea50d1cbac27 -> 
  custom:video-encoder-webm-vp8: eb34c28f22e8b96e1ab97ce403110664 -> 
  custom:video-decoder-webm-vp8: 9c59270c3fd7afecdb556c50c9e8de78 -> 
  custom:audio-decoder-ogg-vorbis: bf7c407c2cedff20999df2af8eb42d56 -> 
  custom:audio-encoder-webm-vorbis: bf7c407c2cedff20999df2af8eb42d56 -> 
========================================================================
Received Prepare
Registering precompiled user dll's ...
Registered in 0.048300 seconds.
Begin MonoManager ReloadAssembly
Native extension for WindowsStandalone target not found
Native extension for WebGL target not found
Refreshing native plugins compatible for Editor in 1.01 ms, found 2 plugins.
Preloading 0 native plugins for Editor in 0.00 ms.
Mono: successfully reloaded assembly
- Completed reload, in  2.065 seconds
Domain Reload Profiling:
	ReloadAssembly (2080ms)
		BeginReloadAssembly (563ms)
			ExecutionOrderSort (0ms)
			DisableScriptedObjects (61ms)
			BackupInstance (0ms)
			ReleaseScriptingObjects (0ms)
			CreateAndSetChildDomain (198ms)
		EndReloadAssembly (1375ms)
			LoadAssemblies (321ms)
			RebuildTransferFunctionScriptingTraits (0ms)
			SetupTypeCache (455ms)
			ReleaseScriptCaches (1ms)
			RebuildScriptCaches (67ms)
			SetupLoadedEditorAssemblies (500ms)
				LogAssemblyErrors (0ms)
				InitializePlatformSupportModulesInManaged (12ms)
				SetLoadedEditorAssemblies (1ms)
				RefreshPlugins (1ms)
				BeforeProcessingInitializeOnLoad (156ms)
				ProcessInitializeOnLoadAttributes (298ms)
				ProcessInitializeOnLoadMethodAttributes (17ms)
				AfterProcessingInitializeOnLoad (14ms)
				EditorAssembliesLoaded (1ms)
			ExecutionOrderSort2 (0ms)
			AwakeInstancesAfterBackupRestoration (12ms)
Platform modules already initialized, skipping
Refreshing native plugins compatible for Editor in 1.60 ms, found 2 plugins.
Preloading 0 native plugins for Editor in 0.00 ms.
Unloading 1502 Unused Serialized files (Serialized files now loaded: 0)
System memory in use before: 72.6 MB.
System memory in use after: 72.7 MB.

Unloading 11 unused Assets to reduce memory usage. Loaded Objects now: 2005.
Total: 6.655800 ms (FindLiveObjects: 0.223900 ms CreateObjectMapping: 0.045500 ms MarkObjects: 6.344300 ms  DeleteObjects: 0.040700 ms)

AssetImportParameters requested are different than current active one (requested -> active):
  custom:framework-win-MediaFoundation: 216162199b28c13a410421893ffa2e32 -> 
  custom:video-decoder-ogg-theora: a1e56fd34408186e4bbccfd4996cb3dc -> 
  custom:container-muxer-webm: aa71ff27fc2769a1b78a27578f13a17b -> 
  custom:container-demuxer-webm: 4f35f7cbe854078d1ac9338744f61a02 -> 
  custom:container-demuxer-ogg: 62fdf1f143b41e24485cea50d1cbac27 -> 
  custom:video-encoder-webm-vp8: eb34c28f22e8b96e1ab97ce403110664 -> 
  custom:video-decoder-webm-vp8: 9c59270c3fd7afecdb556c50c9e8de78 -> 
  custom:audio-decoder-ogg-vorbis: bf7c407c2cedff20999df2af8eb42d56 -> 
  custom:audio-encoder-webm-vorbis: bf7c407c2cedff20999df2af8eb42d56 -> 
AssetImportWorkerClient::OnTransportError - code=2 error=End of file
